2024-08-23 17:20:42.824 [restartedMain] INFO  com.tms.mono.TransportManagementSystemApplication - Starting TransportManagementSystemApplication using Java 17.0.7 with PID 9560 (C:\Users\Hp\Desktop\WorkSpace\Micro-services\TransportManagementSystem\target\classes started by Hp in C:\Users\Hp\Desktop\WorkSpace\Micro-services\TransportManagementSystem)
2024-08-23 17:20:42.845 [restartedMain] INFO  com.tms.mono.TransportManagementSystemApplication - No active profile set, falling back to 1 default profile: "default"
2024-08-23 17:20:50.780 [restartedMain] INFO  com.tms.mono.TransportManagementSystemApplication - Started TransportManagementSystemApplication in 8.451 seconds (process running for 10.264)
2024-08-23 17:21:27.998 [http-nio-8081-exec-1] INFO  com.tms.mono.controller.AssigningController - In AssigningController -> assignConsighnment 
2024-08-23 17:21:28.020 [http-nio-8081-exec-1] INFO  com.tms.mono.service.impl.AssighnmentServiceImpl - In <AssignmentServiceImpl> starting assignConsignment
2024-08-23 17:21:28.286 [http-nio-8081-exec-1] ERROR com.tms.mono.service.impl.AssighnmentServiceImpl - Consighnment already assined !!!!!
2024-08-23 17:21:28.286 [http-nio-8081-exec-1] INFO  com.tms.mono.service.impl.AssighnmentServiceImpl - Consighnment already assined !!!!!
2024-08-23 17:21:28.286 [http-nio-8081-exec-1] INFO  com.tms.mono.service.impl.AssighnmentServiceImpl - Service Layer exit
2024-08-23 17:23:16.062 [restartedMain] INFO  com.tms.mono.TransportManagementSystemApplication - Starting TransportManagementSystemApplication using Java 17.0.7 with PID 9560 (C:\Users\Hp\Desktop\WorkSpace\Micro-services\TransportManagementSystem\target\classes started by Hp in C:\Users\Hp\Desktop\WorkSpace\Micro-services\TransportManagementSystem)
2024-08-23 17:23:16.063 [restartedMain] INFO  com.tms.mono.TransportManagementSystemApplication - No active profile set, falling back to 1 default profile: "default"
2024-08-23 17:23:17.709 [restartedMain] INFO  com.tms.mono.TransportManagementSystemApplication - Started TransportManagementSystemApplication in 1.689 seconds (process running for 157.193)
2024-08-23 17:47:22.836 [restartedMain] INFO  com.tms.mono.TransportManagementSystemApplication - Starting TransportManagementSystemApplication using Java 17.0.7 with PID 5268 (C:\Users\Hp\Desktop\WorkSpace\Micro-services\TransportManagementSystem\target\classes started by Hp in C:\Users\Hp\Desktop\WorkSpace\Micro-services\TransportManagementSystem)
2024-08-23 17:47:22.847 [restartedMain] INFO  com.tms.mono.TransportManagementSystemApplication - No active profile set, falling back to 1 default profile: "default"
2024-08-23 17:47:29.430 [restartedMain] INFO  com.tms.mono.TransportManagementSystemApplication - Started TransportManagementSystemApplication in 7.013 seconds (process running for 11.981)
2024-08-23 17:47:37.036 [http-nio-8081-exec-1] INFO  com.tms.mono.controller.AssigningController - In AssigningController -> assignVehicalToConsighnment 
2024-08-23 17:47:37.043 [http-nio-8081-exec-1] INFO  com.tms.mono.service.impl.AssighnmentServiceImpl - Assighning Vehical Owner to vehical
2024-08-23 17:47:37.044 [http-nio-8081-exec-1] INFO  com.tms.mono.service.impl.AssighnmentServiceImpl - Getting Vehical By its vehicalNumber
2024-08-23 17:47:37.242 [http-nio-8081-exec-1] INFO  com.tms.mono.service.impl.AssighnmentServiceImpl -  Vehical found : 
2024-08-23 17:47:37.242 [http-nio-8081-exec-1] INFO  com.tms.mono.service.impl.AssighnmentServiceImpl - Owner Already Assigned .........
2024-08-23 17:47:37.242 [http-nio-8081-exec-1] INFO  com.tms.mono.service.impl.AssighnmentServiceImpl - Updating Owner Details .........
2024-08-23 17:47:37.242 [http-nio-8081-exec-1] INFO  com.tms.mono.service.impl.AssighnmentServiceImpl - Getting VehicalOwner by its id
2024-08-23 17:47:37.251 [http-nio-8081-exec-1] INFO  com.tms.mono.service.impl.AssighnmentServiceImpl - VehicalOwner assigned to the vehicle: 
2024-08-23 17:50:16.198 [restartedMain] INFO  com.tms.mono.TransportManagementSystemApplication - Starting TransportManagementSystemApplication using Java 17.0.7 with PID 5268 (C:\Users\Hp\Desktop\WorkSpace\Micro-services\TransportManagementSystem\target\classes started by Hp in C:\Users\Hp\Desktop\WorkSpace\Micro-services\TransportManagementSystem)
2024-08-23 17:50:16.199 [restartedMain] INFO  com.tms.mono.TransportManagementSystemApplication - No active profile set, falling back to 1 default profile: "default"
2024-08-23 17:50:17.939 [restartedMain] INFO  com.tms.mono.TransportManagementSystemApplication - Started TransportManagementSystemApplication in 1.787 seconds (process running for 180.49)
2024-08-23 17:51:27.694 [restartedMain] INFO  com.tms.mono.TransportManagementSystemApplication - Starting TransportManagementSystemApplication using Java 17.0.7 with PID 5268 (C:\Users\Hp\Desktop\WorkSpace\Micro-services\TransportManagementSystem\target\classes started by Hp in C:\Users\Hp\Desktop\WorkSpace\Micro-services\TransportManagementSystem)
2024-08-23 17:51:27.695 [restartedMain] INFO  com.tms.mono.TransportManagementSystemApplication - No active profile set, falling back to 1 default profile: "default"
2024-08-23 17:51:29.589 [restartedMain] INFO  com.tms.mono.TransportManagementSystemApplication - Started TransportManagementSystemApplication in 1.934 seconds (process running for 252.139)
2024-08-23 17:51:31.232 [restartedMain] INFO  com.tms.mono.TransportManagementSystemApplication - Starting TransportManagementSystemApplication using Java 17.0.7 with PID 5268 (C:\Users\Hp\Desktop\WorkSpace\Micro-services\TransportManagementSystem\target\classes started by Hp in C:\Users\Hp\Desktop\WorkSpace\Micro-services\TransportManagementSystem)
2024-08-23 17:51:31.233 [restartedMain] INFO  com.tms.mono.TransportManagementSystemApplication - No active profile set, falling back to 1 default profile: "default"
2024-08-23 17:51:32.845 [restartedMain] INFO  com.tms.mono.TransportManagementSystemApplication - Started TransportManagementSystemApplication in 1.654 seconds (process running for 255.395)
2024-08-23 17:53:00.740 [restartedMain] INFO  com.tms.mono.TransportManagementSystemApplication - Starting TransportManagementSystemApplication using Java 17.0.7 with PID 5268 (C:\Users\Hp\Desktop\WorkSpace\Micro-services\TransportManagementSystem\target\classes started by Hp in C:\Users\Hp\Desktop\WorkSpace\Micro-services\TransportManagementSystem)
2024-08-23 17:53:00.740 [restartedMain] INFO  com.tms.mono.TransportManagementSystemApplication - No active profile set, falling back to 1 default profile: "default"
2024-08-23 17:53:02.311 [restartedMain] INFO  com.tms.mono.TransportManagementSystemApplication - Started TransportManagementSystemApplication in 1.608 seconds (process running for 344.862)
2024-08-23 18:36:09.146 [restartedMain] INFO  com.tms.mono.TransportManagementSystemApplication - Starting TransportManagementSystemApplication using Java 17.0.7 with PID 16176 (C:\Users\Hp\Desktop\WorkSpace\Micro-services\TransportManagementSystem\target\classes started by Hp in C:\Users\Hp\Desktop\WorkSpace\Micro-services\TransportManagementSystem)
2024-08-23 18:36:09.156 [restartedMain] INFO  com.tms.mono.TransportManagementSystemApplication - No active profile set, falling back to 1 default profile: "default"
2024-08-23 18:36:15.786 [restartedMain] INFO  com.tms.mono.TransportManagementSystemApplication - Started TransportManagementSystemApplication in 7.057 seconds (process running for 8.362)
2024-08-23 18:36:20.215 [http-nio-8081-exec-1] INFO  com.tms.mono.controller.AssigningController - In AssigningController -> assignVehicalToConsighnment 
2024-08-23 18:36:20.223 [http-nio-8081-exec-1] INFO  com.tms.mono.service.impl.AssighnmentServiceImpl - Assigning Vehicle Owner to vehicle
2024-08-23 18:36:20.223 [http-nio-8081-exec-1] INFO  com.tms.mono.service.impl.AssighnmentServiceImpl - Getting Vehicle By its vehicleNumber
2024-08-23 18:36:20.223 [http-nio-8081-exec-1] INFO  com.tms.mono.service.impl.AssighnmentServiceImpl - Finding Vehical..
2024-08-23 18:36:20.405 [http-nio-8081-exec-1] DEBUG org.hibernate.SQL - 
    select
        v1_0.owner,
        v1_0.id,
        a1_0.id,
        a1_0.advance,
        c1_0.id,
        c1_0.destination,
        c1_0.fare,
        c1_0.load_weight,
        c1_0.route,
        c1_0.starting_place,
        c1_0.status,
        c1_0.type,
        a1_0.remaining_fair,
        a1_0.start_date,
        a1_0.status,
        a1_0.total_fair,
        v1_0.maker,
        v1_0.model,
        v1_0.number,
        v1_0.remaining_capacity,
        r2_0.id,
        r2_0.destination,
        r2_0.route_name,
        r2_0.start_location,
        v1_0.total_capacity 
    from
        vehical v1_0 
    left join
        assigned_consighnments_details a1_0 
            on a1_0.id=v1_0.assighnment 
    left join
        consighnment c1_0 
            on a1_0.id=c1_0.consighnments_details_id 
    left join
        route r2_0 
            on r2_0.id=v1_0.route 
    where
        v1_0.owner=?
[!!!com.tms.mono.model.Vehical@46fd8870=>java.lang.StackOverflowError:null!!!]
2024-08-23 18:36:20.421 [http-nio-8081-exec-1] INFO  com.tms.mono.service.impl.AssighnmentServiceImpl - Owner Already Assigned .........
2024-08-23 18:36:20.421 [http-nio-8081-exec-1] INFO  com.tms.mono.service.impl.AssighnmentServiceImpl - Updating Owner Details .........
2024-08-23 18:36:20.421 [http-nio-8081-exec-1] INFO  com.tms.mono.service.impl.AssighnmentServiceImpl - Getting VehicleOwner by its id
2024-08-23 18:36:20.433 [http-nio-8081-exec-1] INFO  com.tms.mono.service.impl.AssighnmentServiceImpl - VehicalOwner assigned to the vehicle: 
2024-08-23 18:37:46.991 [restartedMain] INFO  com.tms.mono.TransportManagementSystemApplication - Starting TransportManagementSystemApplication using Java 17.0.7 with PID 16176 (C:\Users\Hp\Desktop\WorkSpace\Micro-services\TransportManagementSystem\target\classes started by Hp in C:\Users\Hp\Desktop\WorkSpace\Micro-services\TransportManagementSystem)
2024-08-23 18:37:46.991 [restartedMain] INFO  com.tms.mono.TransportManagementSystemApplication - No active profile set, falling back to 1 default profile: "default"
2024-08-23 18:37:48.788 [restartedMain] INFO  com.tms.mono.TransportManagementSystemApplication - Started TransportManagementSystemApplication in 1.845 seconds (process running for 101.365)
2024-08-23 18:37:59.717 [restartedMain] INFO  com.tms.mono.TransportManagementSystemApplication - Starting TransportManagementSystemApplication using Java 17.0.7 with PID 16176 (C:\Users\Hp\Desktop\WorkSpace\Micro-services\TransportManagementSystem\target\classes started by Hp in C:\Users\Hp\Desktop\WorkSpace\Micro-services\TransportManagementSystem)
2024-08-23 18:37:59.718 [restartedMain] INFO  com.tms.mono.TransportManagementSystemApplication - No active profile set, falling back to 1 default profile: "default"
2024-08-23 18:38:01.270 [restartedMain] INFO  com.tms.mono.TransportManagementSystemApplication - Started TransportManagementSystemApplication in 1.596 seconds (process running for 113.846)
2024-08-23 18:39:03.553 [restartedMain] INFO  com.tms.mono.TransportManagementSystemApplication - Starting TransportManagementSystemApplication using Java 17.0.7 with PID 16176 (C:\Users\Hp\Desktop\WorkSpace\Micro-services\TransportManagementSystem\target\classes started by Hp in C:\Users\Hp\Desktop\WorkSpace\Micro-services\TransportManagementSystem)
2024-08-23 18:39:03.553 [restartedMain] INFO  com.tms.mono.TransportManagementSystemApplication - No active profile set, falling back to 1 default profile: "default"
2024-08-23 18:39:05.131 [restartedMain] INFO  com.tms.mono.TransportManagementSystemApplication - Started TransportManagementSystemApplication in 1.617 seconds (process running for 177.707)
2024-08-23 18:39:12.630 [http-nio-8081-exec-2] INFO  com.tms.mono.controller.AssigningController - In AssigningController -> assignVehicalToConsighnment 
2024-08-23 18:39:12.632 [http-nio-8081-exec-2] INFO  com.tms.mono.service.impl.AssighnmentServiceImpl - Assigning Vehicle Owner to vehicle
2024-08-23 18:39:12.632 [http-nio-8081-exec-2] INFO  com.tms.mono.service.impl.AssighnmentServiceImpl - Getting Vehicle By its vehicleNumber
2024-08-23 18:39:12.633 [http-nio-8081-exec-2] INFO  com.tms.mono.service.impl.AssighnmentServiceImpl - Finding Vehical..
2024-08-23 18:39:12.640 [http-nio-8081-exec-2] INFO  com.tms.mono.service.impl.AssighnmentServiceImpl - Vehicle Found: ID=17, Number=DL5CZ5678
2024-08-23 18:39:12.640 [http-nio-8081-exec-2] INFO  com.tms.mono.service.impl.AssighnmentServiceImpl - Owner Already Assigned .........
2024-08-23 18:39:12.640 [http-nio-8081-exec-2] INFO  com.tms.mono.service.impl.AssighnmentServiceImpl - Updating Owner Details .........
2024-08-23 18:39:12.640 [http-nio-8081-exec-2] INFO  com.tms.mono.service.impl.AssighnmentServiceImpl - Getting VehicleOwner by its id
2024-08-23 18:39:12.641 [http-nio-8081-exec-2] INFO  com.tms.mono.service.impl.AssighnmentServiceImpl - VehicalOwner assigned to the vehicle: 
2024-08-23 20:21:18.283 [restartedMain] INFO  com.tms.mono.TransportManagementSystemApplication - Starting TransportManagementSystemApplication using Java 17.0.7 with PID 16176 (C:\Users\Hp\Desktop\WorkSpace\Micro-services\TransportManagementSystem\target\classes started by Hp in C:\Users\Hp\Desktop\WorkSpace\Micro-services\TransportManagementSystem)
2024-08-23 20:21:18.284 [restartedMain] INFO  com.tms.mono.TransportManagementSystemApplication - No active profile set, falling back to 1 default profile: "default"
2024-08-23 20:21:20.918 [restartedMain] INFO  com.tms.mono.TransportManagementSystemApplication - Started TransportManagementSystemApplication in 2.727 seconds (process running for 6308.453)
2024-08-23 20:22:11.808 [restartedMain] INFO  com.tms.mono.TransportManagementSystemApplication - Starting TransportManagementSystemApplication using Java 17.0.7 with PID 16176 (C:\Users\Hp\Desktop\WorkSpace\Micro-services\TransportManagementSystem\target\classes started by Hp in C:\Users\Hp\Desktop\WorkSpace\Micro-services\TransportManagementSystem)
2024-08-23 20:22:11.809 [restartedMain] INFO  com.tms.mono.TransportManagementSystemApplication - No active profile set, falling back to 1 default profile: "default"
2024-08-23 20:22:13.809 [restartedMain] INFO  com.tms.mono.TransportManagementSystemApplication - Started TransportManagementSystemApplication in 2.053 seconds (process running for 6361.345)
2024-08-23 20:24:12.472 [restartedMain] INFO  com.tms.mono.TransportManagementSystemApplication - Starting TransportManagementSystemApplication using Java 17.0.7 with PID 16176 (C:\Users\Hp\Desktop\WorkSpace\Micro-services\TransportManagementSystem\target\classes started by Hp in C:\Users\Hp\Desktop\WorkSpace\Micro-services\TransportManagementSystem)
2024-08-23 20:24:12.473 [restartedMain] INFO  com.tms.mono.TransportManagementSystemApplication - No active profile set, falling back to 1 default profile: "default"
2024-08-23 20:24:14.618 [restartedMain] INFO  com.tms.mono.TransportManagementSystemApplication - Started TransportManagementSystemApplication in 2.208 seconds (process running for 6482.153)
2024-08-23 20:24:56.790 [restartedMain] INFO  com.tms.mono.TransportManagementSystemApplication - Starting TransportManagementSystemApplication using Java 17.0.7 with PID 16176 (C:\Users\Hp\Desktop\WorkSpace\Micro-services\TransportManagementSystem\target\classes started by Hp in C:\Users\Hp\Desktop\WorkSpace\Micro-services\TransportManagementSystem)
2024-08-23 20:24:56.792 [restartedMain] INFO  com.tms.mono.TransportManagementSystemApplication - No active profile set, falling back to 1 default profile: "default"
2024-08-23 20:24:58.869 [restartedMain] INFO  com.tms.mono.TransportManagementSystemApplication - Started TransportManagementSystemApplication in 2.136 seconds (process running for 6526.404)
2024-08-23 20:41:52.705 [restartedMain] INFO  com.tms.mono.TransportManagementSystemApplication - Starting TransportManagementSystemApplication using Java 17.0.7 with PID 13756 (C:\Users\Hp\Desktop\WorkSpace\Micro-services\TransportManagementSystem\target\classes started by Hp in C:\Users\Hp\Desktop\WorkSpace\Micro-services\TransportManagementSystem)
2024-08-23 20:41:52.728 [restartedMain] INFO  com.tms.mono.TransportManagementSystemApplication - No active profile set, falling back to 1 default profile: "default"
2024-08-23 20:42:06.095 [restartedMain] INFO  com.tms.mono.TransportManagementSystemApplication - Started TransportManagementSystemApplication in 14.416 seconds (process running for 17.58)
2024-08-23 20:47:10.747 [restartedMain] INFO  com.tms.mono.TransportManagementSystemApplication - Starting TransportManagementSystemApplication using Java 17.0.7 with PID 13756 (C:\Users\Hp\Desktop\WorkSpace\Micro-services\TransportManagementSystem\target\classes started by Hp in C:\Users\Hp\Desktop\WorkSpace\Micro-services\TransportManagementSystem)
2024-08-23 20:47:10.748 [restartedMain] INFO  com.tms.mono.TransportManagementSystemApplication - No active profile set, falling back to 1 default profile: "default"
2024-08-23 20:47:13.425 [restartedMain] INFO  com.tms.mono.TransportManagementSystemApplication - Started TransportManagementSystemApplication in 2.754 seconds (process running for 324.91)
2024-08-23 20:51:36.830 [restartedMain] INFO  com.tms.mono.TransportManagementSystemApplication - Starting TransportManagementSystemApplication using Java 17.0.7 with PID 13756 (C:\Users\Hp\Desktop\WorkSpace\Micro-services\TransportManagementSystem\target\classes started by Hp in C:\Users\Hp\Desktop\WorkSpace\Micro-services\TransportManagementSystem)
2024-08-23 20:51:36.831 [restartedMain] INFO  com.tms.mono.TransportManagementSystemApplication - No active profile set, falling back to 1 default profile: "default"
2024-08-23 20:51:39.286 [restartedMain] INFO  com.tms.mono.TransportManagementSystemApplication - Started TransportManagementSystemApplication in 2.517 seconds (process running for 590.771)
2024-08-23 20:53:14.478 [restartedMain] INFO  com.tms.mono.TransportManagementSystemApplication - Starting TransportManagementSystemApplication using Java 17.0.7 with PID 13756 (C:\Users\Hp\Desktop\WorkSpace\Micro-services\TransportManagementSystem\target\classes started by Hp in C:\Users\Hp\Desktop\WorkSpace\Micro-services\TransportManagementSystem)
2024-08-23 20:53:14.479 [restartedMain] INFO  com.tms.mono.TransportManagementSystemApplication - No active profile set, falling back to 1 default profile: "default"
2024-08-23 20:53:17.104 [restartedMain] INFO  com.tms.mono.TransportManagementSystemApplication - Started TransportManagementSystemApplication in 2.686 seconds (process running for 688.589)
2024-08-23 20:53:31.267 [restartedMain] INFO  com.tms.mono.TransportManagementSystemApplication - Starting TransportManagementSystemApplication using Java 17.0.7 with PID 13756 (C:\Users\Hp\Desktop\WorkSpace\Micro-services\TransportManagementSystem\target\classes started by Hp in C:\Users\Hp\Desktop\WorkSpace\Micro-services\TransportManagementSystem)
2024-08-23 20:53:31.268 [restartedMain] INFO  com.tms.mono.TransportManagementSystemApplication - No active profile set, falling back to 1 default profile: "default"
2024-08-23 20:53:33.486 [restartedMain] INFO  com.tms.mono.TransportManagementSystemApplication - Started TransportManagementSystemApplication in 2.283 seconds (process running for 704.971)
2024-08-23 20:53:45.626 [restartedMain] INFO  com.tms.mono.TransportManagementSystemApplication - Starting TransportManagementSystemApplication using Java 17.0.7 with PID 13756 (C:\Users\Hp\Desktop\WorkSpace\Micro-services\TransportManagementSystem\target\classes started by Hp in C:\Users\Hp\Desktop\WorkSpace\Micro-services\TransportManagementSystem)
2024-08-23 20:53:45.627 [restartedMain] INFO  com.tms.mono.TransportManagementSystemApplication - No active profile set, falling back to 1 default profile: "default"
2024-08-23 20:53:47.867 [restartedMain] INFO  com.tms.mono.TransportManagementSystemApplication - Started TransportManagementSystemApplication in 2.312 seconds (process running for 719.352)
2024-08-23 20:53:59.378 [http-nio-8081-exec-1] INFO  com.tms.mono.service.impl.AssighnmentServiceImpl - Finding Vehical..
2024-08-23 20:53:59.388 [http-nio-8081-exec-1] ERROR com.tms.mono.service.impl.AssighnmentServiceImpl - Exception occured in findVehicalByNumber method
2024-08-23 20:54:14.559 [http-nio-8081-exec-4] INFO  com.tms.mono.service.impl.AssighnmentServiceImpl - Finding Vehical..
2024-08-23 20:54:14.565 [http-nio-8081-exec-4] ERROR com.tms.mono.service.impl.AssighnmentServiceImpl - Exception occured in findVehicalByNumber method
2024-08-23 21:03:09.026 [restartedMain] INFO  com.tms.mono.TransportManagementSystemApplication - Starting TransportManagementSystemApplication using Java 17.0.7 with PID 13756 (C:\Users\Hp\Desktop\WorkSpace\Micro-services\TransportManagementSystem\target\classes started by Hp in C:\Users\Hp\Desktop\WorkSpace\Micro-services\TransportManagementSystem)
2024-08-23 21:03:09.027 [restartedMain] INFO  com.tms.mono.TransportManagementSystemApplication - No active profile set, falling back to 1 default profile: "default"
2024-08-23 21:03:11.455 [restartedMain] INFO  com.tms.mono.TransportManagementSystemApplication - Started TransportManagementSystemApplication in 2.483 seconds (process running for 1282.939)
2024-08-23 21:04:31.641 [restartedMain] INFO  com.tms.mono.TransportManagementSystemApplication - Starting TransportManagementSystemApplication using Java 17.0.7 with PID 13756 (C:\Users\Hp\Desktop\WorkSpace\Micro-services\TransportManagementSystem\target\classes started by Hp in C:\Users\Hp\Desktop\WorkSpace\Micro-services\TransportManagementSystem)
2024-08-23 21:04:31.642 [restartedMain] INFO  com.tms.mono.TransportManagementSystemApplication - No active profile set, falling back to 1 default profile: "default"
2024-08-23 21:04:33.823 [restartedMain] INFO  com.tms.mono.TransportManagementSystemApplication - Started TransportManagementSystemApplication in 2.232 seconds (process running for 1365.308)
2024-08-23 21:04:55.661 [http-nio-8081-exec-2] INFO  com.tms.mono.service.impl.AssighnmentServiceImpl - Finding Vehical..
2024-08-23 21:04:55.678 [http-nio-8081-exec-2] ERROR com.tms.mono.service.impl.AssighnmentServiceImpl - Vehicle not found: AFGHJKL
2024-08-23 21:04:55.678 [http-nio-8081-exec-2] ERROR com.tms.mono.controller.AccessDbController - Exception In Controller : Vehical with number Vehicle not found for given number: AFGHJKL not found.
