2024-08-07 00:01:16.111 [restartedMain] INFO  com.tms.mono.TransportManagementSystemApplication - Starting TransportManagementSystemApplication using Java 17.0.7 with PID 14612 (C:\Users\Hp\Desktop\WorkSpace\Micro-services\TransportManagementSystem\target\classes started by Hp in C:\Users\Hp\Desktop\WorkSpace\Micro-services\TransportManagementSystem)
2024-08-07 00:01:16.120 [restartedMain] INFO  com.tms.mono.TransportManagementSystemApplication - No active profile set, falling back to 1 default profile: "default"
2024-08-07 00:01:18.422 [restartedMain] INFO  com.tms.mono.TransportManagementSystemApplication - Started TransportManagementSystemApplication in 2.357 seconds (process running for 706.34)
2024-08-07 00:01:53.412 [restartedMain] INFO  com.tms.mono.TransportManagementSystemApplication - Starting TransportManagementSystemApplication using Java 17.0.7 with PID 14612 (C:\Users\Hp\Desktop\WorkSpace\Micro-services\TransportManagementSystem\target\classes started by Hp in C:\Users\Hp\Desktop\WorkSpace\Micro-services\TransportManagementSystem)
2024-08-07 00:01:53.414 [restartedMain] INFO  com.tms.mono.TransportManagementSystemApplication - No active profile set, falling back to 1 default profile: "default"
2024-08-07 00:01:56.205 [restartedMain] INFO  com.tms.mono.TransportManagementSystemApplication - Starting TransportManagementSystemApplication using Java 17.0.7 with PID 14612 (C:\Users\Hp\Desktop\WorkSpace\Micro-services\TransportManagementSystem\target\classes started by Hp in C:\Users\Hp\Desktop\WorkSpace\Micro-services\TransportManagementSystem)
2024-08-07 00:01:56.206 [restartedMain] INFO  com.tms.mono.TransportManagementSystemApplication - No active profile set, falling back to 1 default profile: "default"
2024-08-07 00:01:58.140 [restartedMain] INFO  com.tms.mono.TransportManagementSystemApplication - Started TransportManagementSystemApplication in 1.985 seconds (process running for 746.058)
2024-08-07 00:02:08.184 [http-nio-8081-exec-2] INFO  com.tms.mono.controller.AssigningController - In AssigningController -> assignConsighnment 
2024-08-07 00:02:08.185 [http-nio-8081-exec-2] INFO  com.tms.mono.service.impl.AssighnmentServiceImpl -  In <AssighnmentServiceImpl> starting assighnConsighnment
2024-08-07 00:02:08.185 [http-nio-8081-exec-2] INFO  com.tms.mono.service.impl.AssighnmentServiceImpl - In try block finding details in database
2024-08-07 00:02:08.185 [http-nio-8081-exec-2] INFO  com.tms.mono.service.impl.AssighnmentServiceImpl - Finding Consighnment , Vehical and related Routes for assighning consighnment....
2024-08-07 00:02:08.202 [http-nio-8081-exec-2] INFO  com.tms.mono.service.impl.AssighnmentServiceImpl - Creating new : 'AssignedConsighnmentsDetails' 
2024-08-07 00:02:08.202 [http-nio-8081-exec-2] INFO  com.tms.mono.service.impl.AssighnmentServiceImpl - Setting details........
2024-08-07 00:02:08.202 [http-nio-8081-exec-2] INFO  com.tms.mono.service.impl.AssighnmentServiceImpl - Setting route
2024-08-07 00:02:08.203 [http-nio-8081-exec-2] INFO  com.tms.mono.service.impl.AssighnmentServiceImpl - route added
2024-08-07 00:02:08.203 [http-nio-8081-exec-2] INFO  com.tms.mono.service.impl.AssighnmentServiceImpl - Setting consighnment
2024-08-07 00:02:08.203 [http-nio-8081-exec-2] INFO  com.tms.mono.service.impl.AssighnmentServiceImpl - consighnment added
2024-08-07 00:02:08.203 [http-nio-8081-exec-2] INFO  com.tms.mono.service.impl.AssighnmentServiceImpl - Setting Vehical
2024-08-07 00:02:08.203 [http-nio-8081-exec-2] INFO  com.tms.mono.service.impl.AssighnmentServiceImpl - Vehical added
