2024-08-05 19:57:52.951 [http-nio-8081-exec-5] INFO  com.tms.mono.controller.AssigningController - In AssigningController -> assignVehicalToConsighnment 
2024-08-05 19:57:52.951 [http-nio-8081-exec-5] INFO  com.tms.mono.service.impl.AssighnmentServiceImpl - Assighning Vehical Owner to vehical
2024-08-05 19:57:52.951 [http-nio-8081-exec-5] INFO  com.tms.mono.service.impl.AssighnmentServiceImpl - Getting Vehical By its vehicalNumber
2024-08-05 20:03:25.216 [restartedMain] INFO  com.tms.mono.TransportManagementSystemApplication - Starting TransportManagementSystemApplication using Java 17.0.7 with PID 9316 (C:\Users\Hp\Desktop\WorkSpace\Micro-services\TransportManagementSystem\target\classes started by Hp in C:\Users\Hp\Desktop\WorkSpace\Micro-services\TransportManagementSystem)
2024-08-05 20:03:25.217 [restartedMain] INFO  com.tms.mono.TransportManagementSystemApplication - No active profile set, falling back to 1 default profile: "default"
2024-08-05 20:03:48.838 [restartedMain] INFO  com.tms.mono.TransportManagementSystemApplication - Starting TransportManagementSystemApplication using Java 17.0.7 with PID 9316 (C:\Users\Hp\Desktop\WorkSpace\Micro-services\TransportManagementSystem\target\classes started by Hp in C:\Users\Hp\Desktop\WorkSpace\Micro-services\TransportManagementSystem)
2024-08-05 20:03:48.839 [restartedMain] INFO  com.tms.mono.TransportManagementSystemApplication - No active profile set, falling back to 1 default profile: "default"
2024-08-05 20:03:51.302 [restartedMain] INFO  com.tms.mono.TransportManagementSystemApplication - Started TransportManagementSystemApplication in 2.504 seconds (process running for 1435.173)
2024-08-05 20:03:53.082 [restartedMain] INFO  com.tms.mono.TransportManagementSystemApplication - Starting TransportManagementSystemApplication using Java 17.0.7 with PID 9316 (C:\Users\Hp\Desktop\WorkSpace\Micro-services\TransportManagementSystem\target\classes started by Hp in C:\Users\Hp\Desktop\WorkSpace\Micro-services\TransportManagementSystem)
2024-08-05 20:03:53.083 [restartedMain] INFO  com.tms.mono.TransportManagementSystemApplication - No active profile set, falling back to 1 default profile: "default"
2024-08-05 20:03:54.938 [restartedMain] INFO  com.tms.mono.TransportManagementSystemApplication - Started TransportManagementSystemApplication in 1.9 seconds (process running for 1438.808)
2024-08-05 20:05:22.542 [restartedMain] INFO  com.tms.mono.TransportManagementSystemApplication - Starting TransportManagementSystemApplication using Java 17.0.7 with PID 9316 (C:\Users\Hp\Desktop\WorkSpace\Micro-services\TransportManagementSystem\target\classes started by Hp in C:\Users\Hp\Desktop\WorkSpace\Micro-services\TransportManagementSystem)
2024-08-05 20:05:22.544 [restartedMain] INFO  com.tms.mono.TransportManagementSystemApplication - No active profile set, falling back to 1 default profile: "default"
2024-08-05 20:05:24.935 [restartedMain] INFO  com.tms.mono.TransportManagementSystemApplication - Started TransportManagementSystemApplication in 2.44 seconds (process running for 1528.804)
2024-08-05 20:09:07.935 [restartedMain] INFO  com.tms.mono.TransportManagementSystemApplication - Starting TransportManagementSystemApplication using Java 17.0.7 with PID 17664 (C:\Users\Hp\Desktop\WorkSpace\Micro-services\TransportManagementSystem\target\classes started by Hp in C:\Users\Hp\Desktop\WorkSpace\Micro-services\TransportManagementSystem)
2024-08-05 20:09:07.979 [restartedMain] INFO  com.tms.mono.TransportManagementSystemApplication - No active profile set, falling back to 1 default profile: "default"
2024-08-05 20:09:19.309 [restartedMain] INFO  com.tms.mono.TransportManagementSystemApplication - Started TransportManagementSystemApplication in 12.235 seconds (process running for 14.882)
2024-08-05 20:09:24.291 [http-nio-8081-exec-1] INFO  com.tms.mono.controller.AssigningController - In AssigningController -> assignVehicalToConsighnment 
2024-08-05 20:09:24.292 [http-nio-8081-exec-1] INFO  com.tms.mono.service.impl.AssighnmentServiceImpl - Assighning Vehical Owner to vehical
2024-08-05 20:09:24.293 [http-nio-8081-exec-1] INFO  com.tms.mono.service.impl.AssighnmentServiceImpl - Getting Vehical By its vehicalNumber
2024-08-05 20:10:29.226 [restartedMain] INFO  com.tms.mono.TransportManagementSystemApplication - Starting TransportManagementSystemApplication using Java 17.0.7 with PID 17664 (C:\Users\Hp\Desktop\WorkSpace\Micro-services\TransportManagementSystem\target\classes started by Hp in C:\Users\Hp\Desktop\WorkSpace\Micro-services\TransportManagementSystem)
2024-08-05 20:10:29.227 [restartedMain] INFO  com.tms.mono.TransportManagementSystemApplication - No active profile set, falling back to 1 default profile: "default"
2024-08-05 20:10:31.601 [restartedMain] INFO  com.tms.mono.TransportManagementSystemApplication - Started TransportManagementSystemApplication in 2.441 seconds (process running for 87.172)
2024-08-05 20:10:41.730 [restartedMain] INFO  com.tms.mono.TransportManagementSystemApplication - Starting TransportManagementSystemApplication using Java 17.0.7 with PID 17664 (C:\Users\Hp\Desktop\WorkSpace\Micro-services\TransportManagementSystem\target\classes started by Hp in C:\Users\Hp\Desktop\WorkSpace\Micro-services\TransportManagementSystem)
2024-08-05 20:10:41.731 [restartedMain] INFO  com.tms.mono.TransportManagementSystemApplication - No active profile set, falling back to 1 default profile: "default"
2024-08-05 20:10:44.463 [restartedMain] INFO  com.tms.mono.TransportManagementSystemApplication - Started TransportManagementSystemApplication in 2.821 seconds (process running for 100.035)
2024-08-05 20:10:53.604 [restartedMain] INFO  com.tms.mono.TransportManagementSystemApplication - Starting TransportManagementSystemApplication using Java 17.0.7 with PID 17664 (C:\Users\Hp\Desktop\WorkSpace\Micro-services\TransportManagementSystem\target\classes started by Hp in C:\Users\Hp\Desktop\WorkSpace\Micro-services\TransportManagementSystem)
2024-08-05 20:10:53.604 [restartedMain] INFO  com.tms.mono.TransportManagementSystemApplication - No active profile set, falling back to 1 default profile: "default"
2024-08-05 20:10:56.324 [restartedMain] INFO  com.tms.mono.TransportManagementSystemApplication - Started TransportManagementSystemApplication in 2.8 seconds (process running for 111.897)
2024-08-05 20:11:03.847 [http-nio-8081-exec-2] INFO  com.tms.mono.controller.AssigningController - In AssigningController -> assignVehicalToConsighnment 
2024-08-05 20:11:03.847 [http-nio-8081-exec-2] INFO  com.tms.mono.service.impl.AssighnmentServiceImpl - Assighning Vehical Owner to vehical
2024-08-05 20:11:03.847 [http-nio-8081-exec-2] INFO  com.tms.mono.service.impl.AssighnmentServiceImpl - Getting Vehical By its vehicalNumber
2024-08-05 20:11:03.858 [http-nio-8081-exec-2] INFO  com.tms.mono.service.impl.AssighnmentServiceImpl -  Vehical found : 
2024-08-05 20:11:03.858 [http-nio-8081-exec-2] INFO  com.tms.mono.service.impl.AssighnmentServiceImpl - Getting VehicalOwner by its id
2024-08-05 20:11:03.892 [http-nio-8081-exec-2] INFO  com.tms.mono.service.impl.AssighnmentServiceImpl - VehicalOwner assigned to the vehicle: 
2024-08-05 21:45:59.271 [restartedMain] INFO  com.tms.mono.TransportManagementSystemApplication - Starting TransportManagementSystemApplication using Java 17.0.7 with PID 17664 (C:\Users\Hp\Desktop\WorkSpace\Micro-services\TransportManagementSystem\target\classes started by Hp in C:\Users\Hp\Desktop\WorkSpace\Micro-services\TransportManagementSystem)
2024-08-05 21:45:59.272 [restartedMain] INFO  com.tms.mono.TransportManagementSystemApplication - No active profile set, falling back to 1 default profile: "default"
2024-08-05 21:46:01.614 [restartedMain] INFO  com.tms.mono.TransportManagementSystemApplication - Started TransportManagementSystemApplication in 2.412 seconds (process running for 5810.462)
2024-08-05 21:47:02.272 [restartedMain] INFO  com.tms.mono.TransportManagementSystemApplication - Starting TransportManagementSystemApplication using Java 17.0.7 with PID 17664 (C:\Users\Hp\Desktop\WorkSpace\Micro-services\TransportManagementSystem\target\classes started by Hp in C:\Users\Hp\Desktop\WorkSpace\Micro-services\TransportManagementSystem)
2024-08-05 21:47:02.273 [restartedMain] INFO  com.tms.mono.TransportManagementSystemApplication - No active profile set, falling back to 1 default profile: "default"
2024-08-05 21:47:04.387 [restartedMain] INFO  com.tms.mono.TransportManagementSystemApplication - Started TransportManagementSystemApplication in 2.167 seconds (process running for 5873.236)
2024-08-05 21:48:32.072 [restartedMain] INFO  com.tms.mono.TransportManagementSystemApplication - Starting TransportManagementSystemApplication using Java 17.0.7 with PID 17664 (C:\Users\Hp\Desktop\WorkSpace\Micro-services\TransportManagementSystem\target\classes started by Hp in C:\Users\Hp\Desktop\WorkSpace\Micro-services\TransportManagementSystem)
2024-08-05 21:48:32.073 [restartedMain] INFO  com.tms.mono.TransportManagementSystemApplication - No active profile set, falling back to 1 default profile: "default"
2024-08-05 21:48:34.048 [restartedMain] INFO  com.tms.mono.TransportManagementSystemApplication - Started TransportManagementSystemApplication in 2.031 seconds (process running for 5962.897)
2024-08-05 21:49:44.079 [restartedMain] INFO  com.tms.mono.TransportManagementSystemApplication - Starting TransportManagementSystemApplication using Java 17.0.7 with PID 17664 (C:\Users\Hp\Desktop\WorkSpace\Micro-services\TransportManagementSystem\target\classes started by Hp in C:\Users\Hp\Desktop\WorkSpace\Micro-services\TransportManagementSystem)
2024-08-05 21:49:44.080 [restartedMain] INFO  com.tms.mono.TransportManagementSystemApplication - No active profile set, falling back to 1 default profile: "default"
2024-08-05 21:49:46.232 [restartedMain] INFO  com.tms.mono.TransportManagementSystemApplication - Started TransportManagementSystemApplication in 2.206 seconds (process running for 6035.081)
2024-08-05 21:50:50.289 [restartedMain] INFO  com.tms.mono.TransportManagementSystemApplication - Starting TransportManagementSystemApplication using Java 17.0.7 with PID 14860 (C:\Users\Hp\Desktop\WorkSpace\Micro-services\TransportManagementSystem\target\classes started by Hp in C:\Users\Hp\Desktop\WorkSpace\Micro-services\TransportManagementSystem)
2024-08-05 21:50:50.314 [restartedMain] INFO  com.tms.mono.TransportManagementSystemApplication - No active profile set, falling back to 1 default profile: "default"
2024-08-05 21:51:02.362 [restartedMain] INFO  com.tms.mono.TransportManagementSystemApplication - Started TransportManagementSystemApplication in 13.105 seconds (process running for 16.285)
2024-08-05 21:55:23.197 [restartedMain] INFO  com.tms.mono.TransportManagementSystemApplication - Starting TransportManagementSystemApplication using Java 17.0.7 with PID 12112 (C:\Users\Hp\Desktop\WorkSpace\Micro-services\TransportManagementSystem\target\classes started by Hp in C:\Users\Hp\Desktop\WorkSpace\Micro-services\TransportManagementSystem)
2024-08-05 21:55:23.226 [restartedMain] INFO  com.tms.mono.TransportManagementSystemApplication - No active profile set, falling back to 1 default profile: "default"
2024-08-05 21:55:33.529 [restartedMain] INFO  com.tms.mono.TransportManagementSystemApplication - Started TransportManagementSystemApplication in 11.467 seconds (process running for 14.436)
2024-08-05 21:59:34.930 [restartedMain] INFO  com.tms.mono.TransportManagementSystemApplication - Starting TransportManagementSystemApplication using Java 17.0.7 with PID 12112 (C:\Users\Hp\Desktop\WorkSpace\Micro-services\TransportManagementSystem\target\classes started by Hp in C:\Users\Hp\Desktop\WorkSpace\Micro-services\TransportManagementSystem)
2024-08-05 21:59:34.931 [restartedMain] INFO  com.tms.mono.TransportManagementSystemApplication - No active profile set, falling back to 1 default profile: "default"
2024-08-05 21:59:37.449 [restartedMain] INFO  com.tms.mono.TransportManagementSystemApplication - Started TransportManagementSystemApplication in 2.583 seconds (process running for 258.356)
2024-08-05 22:05:01.632 [restartedMain] INFO  com.tms.mono.TransportManagementSystemApplication - Starting TransportManagementSystemApplication using Java 17.0.7 with PID 5124 (C:\Users\Hp\Desktop\WorkSpace\Micro-services\TransportManagementSystem\target\classes started by Hp in C:\Users\Hp\Desktop\WorkSpace\Micro-services\TransportManagementSystem)
2024-08-05 22:05:01.671 [restartedMain] INFO  com.tms.mono.TransportManagementSystemApplication - No active profile set, falling back to 1 default profile: "default"
2024-08-05 22:05:13.677 [restartedMain] INFO  com.tms.mono.TransportManagementSystemApplication - Started TransportManagementSystemApplication in 12.92 seconds (process running for 15.72)
2024-08-05 22:05:20.017 [http-nio-8081-exec-1] INFO  com.tms.mono.controller.AssigningController - In AssigningController -> assignConsighnment 
2024-08-05 22:05:20.031 [http-nio-8081-exec-1] INFO  com.tms.mono.service.impl.AssighnmentServiceImpl -  In <AssighnmentServiceImpl> starting assighnConsighnment
2024-08-05 22:05:20.031 [http-nio-8081-exec-1] INFO  com.tms.mono.service.impl.AssighnmentServiceImpl - In try block finding details in database
2024-08-05 22:05:20.032 [http-nio-8081-exec-1] INFO  com.tms.mono.service.impl.AssighnmentServiceImpl - Finding Consighnment , Vehical and related Routes for assighning consighnment....
2024-08-05 22:05:20.191 [http-nio-8081-exec-1] ERROR com.tms.mono.service.impl.AssighnmentServiceImpl - Exception occurs during assighnment of consighnment in service [Ljava.lang.StackTraceElement;@1b6efe7f
2024-08-05 22:06:43.642 [restartedMain] INFO  com.tms.mono.TransportManagementSystemApplication - Starting TransportManagementSystemApplication using Java 17.0.7 with PID 5124 (C:\Users\Hp\Desktop\WorkSpace\Micro-services\TransportManagementSystem\target\classes started by Hp in C:\Users\Hp\Desktop\WorkSpace\Micro-services\TransportManagementSystem)
2024-08-05 22:06:43.644 [restartedMain] INFO  com.tms.mono.TransportManagementSystemApplication - No active profile set, falling back to 1 default profile: "default"
2024-08-05 22:06:46.112 [restartedMain] INFO  com.tms.mono.TransportManagementSystemApplication - Started TransportManagementSystemApplication in 2.533 seconds (process running for 108.156)
2024-08-05 22:07:04.627 [http-nio-8081-exec-2] INFO  com.tms.mono.controller.AssigningController - In AssigningController -> assignConsighnment 
2024-08-05 22:07:04.630 [http-nio-8081-exec-2] INFO  com.tms.mono.service.impl.AssighnmentServiceImpl -  In <AssighnmentServiceImpl> starting assighnConsighnment
2024-08-05 22:07:04.630 [http-nio-8081-exec-2] INFO  com.tms.mono.service.impl.AssighnmentServiceImpl - In try block finding details in database
2024-08-05 22:07:04.630 [http-nio-8081-exec-2] INFO  com.tms.mono.service.impl.AssighnmentServiceImpl - Finding Consighnment , Vehical and related Routes for assighning consighnment....
2024-08-05 22:07:04.645 [http-nio-8081-exec-2] ERROR com.tms.mono.service.impl.AssighnmentServiceImpl - Exception occurs during assighnment of consighnment in service [Ljava.lang.StackTraceElement;@20f964c8
2024-08-05 22:07:47.776 [restartedMain] INFO  com.tms.mono.TransportManagementSystemApplication - Starting TransportManagementSystemApplication using Java 17.0.7 with PID 5124 (C:\Users\Hp\Desktop\WorkSpace\Micro-services\TransportManagementSystem\target\classes started by Hp in C:\Users\Hp\Desktop\WorkSpace\Micro-services\TransportManagementSystem)
2024-08-05 22:07:47.777 [restartedMain] INFO  com.tms.mono.TransportManagementSystemApplication - No active profile set, falling back to 1 default profile: "default"
2024-08-05 22:07:49.953 [restartedMain] INFO  com.tms.mono.TransportManagementSystemApplication - Started TransportManagementSystemApplication in 2.241 seconds (process running for 171.997)
2024-08-05 22:08:04.216 [http-nio-8081-exec-2] INFO  com.tms.mono.controller.AssigningController - In AssigningController -> assignConsighnment 
2024-08-05 22:08:04.219 [http-nio-8081-exec-2] INFO  com.tms.mono.service.impl.AssighnmentServiceImpl -  In <AssighnmentServiceImpl> starting assighnConsighnment
2024-08-05 22:08:04.219 [http-nio-8081-exec-2] INFO  com.tms.mono.service.impl.AssighnmentServiceImpl - In try block finding details in database
2024-08-05 22:08:04.220 [http-nio-8081-exec-2] INFO  com.tms.mono.service.impl.AssighnmentServiceImpl - Finding Consighnment , Vehical and related Routes for assighning consighnment....
2024-08-05 22:08:04.243 [http-nio-8081-exec-2] ERROR com.tms.mono.service.impl.AssighnmentServiceImpl - Exception occurs during assighnment of consighnment in service [Ljava.lang.StackTraceElement;@30658a43
2024-08-05 22:08:22.739 [restartedMain] INFO  com.tms.mono.TransportManagementSystemApplication - Starting TransportManagementSystemApplication using Java 17.0.7 with PID 5124 (C:\Users\Hp\Desktop\WorkSpace\Micro-services\TransportManagementSystem\target\classes started by Hp in C:\Users\Hp\Desktop\WorkSpace\Micro-services\TransportManagementSystem)
2024-08-05 22:08:22.740 [restartedMain] INFO  com.tms.mono.TransportManagementSystemApplication - No active profile set, falling back to 1 default profile: "default"
2024-08-05 22:08:25.436 [restartedMain] INFO  com.tms.mono.TransportManagementSystemApplication - Started TransportManagementSystemApplication in 2.756 seconds (process running for 207.479)
2024-08-05 22:47:59.378 [restartedMain] INFO  com.tms.mono.TransportManagementSystemApplication - Starting TransportManagementSystemApplication using Java 17.0.7 with PID 5124 (C:\Users\Hp\Desktop\WorkSpace\Micro-services\TransportManagementSystem\target\classes started by Hp in C:\Users\Hp\Desktop\WorkSpace\Micro-services\TransportManagementSystem)
2024-08-05 22:47:59.379 [restartedMain] INFO  com.tms.mono.TransportManagementSystemApplication - No active profile set, falling back to 1 default profile: "default"
2024-08-05 22:48:01.649 [restartedMain] INFO  com.tms.mono.TransportManagementSystemApplication - Started TransportManagementSystemApplication in 2.332 seconds (process running for 2583.71)
2024-08-05 22:50:45.903 [restartedMain] INFO  com.tms.mono.TransportManagementSystemApplication - Starting TransportManagementSystemApplication using Java 17.0.7 with PID 5124 (C:\Users\Hp\Desktop\WorkSpace\Micro-services\TransportManagementSystem\target\classes started by Hp in C:\Users\Hp\Desktop\WorkSpace\Micro-services\TransportManagementSystem)
2024-08-05 22:50:45.903 [restartedMain] INFO  com.tms.mono.TransportManagementSystemApplication - No active profile set, falling back to 1 default profile: "default"
2024-08-05 22:50:48.224 [restartedMain] INFO  com.tms.mono.TransportManagementSystemApplication - Started TransportManagementSystemApplication in 2.369 seconds (process running for 2750.285)
2024-08-05 22:51:08.723 [restartedMain] INFO  com.tms.mono.TransportManagementSystemApplication - Starting TransportManagementSystemApplication using Java 17.0.7 with PID 5124 (C:\Users\Hp\Desktop\WorkSpace\Micro-services\TransportManagementSystem\target\classes started by Hp in C:\Users\Hp\Desktop\WorkSpace\Micro-services\TransportManagementSystem)
2024-08-05 22:51:08.724 [restartedMain] INFO  com.tms.mono.TransportManagementSystemApplication - No active profile set, falling back to 1 default profile: "default"
2024-08-05 22:51:10.696 [restartedMain] INFO  com.tms.mono.TransportManagementSystemApplication - Started TransportManagementSystemApplication in 2.033 seconds (process running for 2772.757)
2024-08-05 22:51:16.790 [restartedMain] INFO  com.tms.mono.TransportManagementSystemApplication - Starting TransportManagementSystemApplication using Java 17.0.7 with PID 5124 (C:\Users\Hp\Desktop\WorkSpace\Micro-services\TransportManagementSystem\target\classes started by Hp in C:\Users\Hp\Desktop\WorkSpace\Micro-services\TransportManagementSystem)
2024-08-05 22:51:16.791 [restartedMain] INFO  com.tms.mono.TransportManagementSystemApplication - No active profile set, falling back to 1 default profile: "default"
2024-08-05 22:51:19.509 [restartedMain] INFO  com.tms.mono.TransportManagementSystemApplication - Started TransportManagementSystemApplication in 2.77 seconds (process running for 2781.57)
2024-08-05 22:53:29.491 [restartedMain] INFO  com.tms.mono.TransportManagementSystemApplication - Starting TransportManagementSystemApplication using Java 17.0.7 with PID 5124 (C:\Users\Hp\Desktop\WorkSpace\Micro-services\TransportManagementSystem\target\classes started by Hp in C:\Users\Hp\Desktop\WorkSpace\Micro-services\TransportManagementSystem)
2024-08-05 22:53:29.492 [restartedMain] INFO  com.tms.mono.TransportManagementSystemApplication - No active profile set, falling back to 1 default profile: "default"
2024-08-05 22:53:31.378 [restartedMain] INFO  com.tms.mono.TransportManagementSystemApplication - Started TransportManagementSystemApplication in 1.931 seconds (process running for 2913.44)
2024-08-05 22:54:29.217 [restartedMain] INFO  com.tms.mono.TransportManagementSystemApplication - Starting TransportManagementSystemApplication using Java 17.0.7 with PID 5124 (C:\Users\Hp\Desktop\WorkSpace\Micro-services\TransportManagementSystem\target\classes started by Hp in C:\Users\Hp\Desktop\WorkSpace\Micro-services\TransportManagementSystem)
2024-08-05 22:54:29.218 [restartedMain] INFO  com.tms.mono.TransportManagementSystemApplication - No active profile set, falling back to 1 default profile: "default"
2024-08-05 22:54:31.907 [restartedMain] INFO  com.tms.mono.TransportManagementSystemApplication - Started TransportManagementSystemApplication in 2.752 seconds (process running for 2973.969)
2024-08-05 22:54:55.468 [http-nio-8081-exec-3] INFO  com.tms.mono.controller.AssigningController - In AssigningController -> assignConsighnment 
2024-08-05 22:54:55.470 [http-nio-8081-exec-3] INFO  com.tms.mono.service.impl.AssighnmentServiceImpl -  In <AssighnmentServiceImpl> starting assighnConsighnment
2024-08-05 22:54:55.471 [http-nio-8081-exec-3] INFO  com.tms.mono.service.impl.AssighnmentServiceImpl - In try block finding details in database
2024-08-05 22:54:55.471 [http-nio-8081-exec-3] INFO  com.tms.mono.service.impl.AssighnmentServiceImpl - Finding Consighnment , Vehical and related Routes for assighning consighnment....
2024-08-05 22:54:55.485 [http-nio-8081-exec-3] ERROR com.tms.mono.service.impl.AssighnmentServiceImpl - Exception occurs during assighnment of consighnment in service [Ljava.lang.StackTraceElement;@64f1c3d9
2024-08-05 23:02:31.286 [restartedMain] INFO  com.tms.mono.TransportManagementSystemApplication - Starting TransportManagementSystemApplication using Java 17.0.7 with PID 5124 (C:\Users\Hp\Desktop\WorkSpace\Micro-services\TransportManagementSystem\target\classes started by Hp in C:\Users\Hp\Desktop\WorkSpace\Micro-services\TransportManagementSystem)
2024-08-05 23:02:31.287 [restartedMain] INFO  com.tms.mono.TransportManagementSystemApplication - No active profile set, falling back to 1 default profile: "default"
2024-08-05 23:02:33.410 [restartedMain] INFO  com.tms.mono.TransportManagementSystemApplication - Started TransportManagementSystemApplication in 2.178 seconds (process running for 3455.472)
2024-08-05 23:02:40.247 [http-nio-8081-exec-2] INFO  com.tms.mono.controller.AssigningController - In AssigningController -> assignConsighnment 
2024-08-05 23:02:40.249 [http-nio-8081-exec-2] INFO  com.tms.mono.service.impl.AssighnmentServiceImpl -  In <AssighnmentServiceImpl> starting assighnConsighnment
2024-08-05 23:02:40.249 [http-nio-8081-exec-2] INFO  com.tms.mono.service.impl.AssighnmentServiceImpl - In try block finding details in database
2024-08-05 23:02:40.249 [http-nio-8081-exec-2] INFO  com.tms.mono.service.impl.AssighnmentServiceImpl - Finding Consighnment , Vehical and related Routes for assighning consighnment....
2024-08-05 23:02:40.266 [http-nio-8081-exec-2] ERROR com.tms.mono.service.impl.AssighnmentServiceImpl - Exception occurs during assighnment of consighnment in service:
 [Ljava.lang.StackTraceElement;@7b6d1f65
2024-08-05 23:03:43.472 [restartedMain] INFO  com.tms.mono.TransportManagementSystemApplication - Starting TransportManagementSystemApplication using Java 17.0.7 with PID 5124 (C:\Users\Hp\Desktop\WorkSpace\Micro-services\TransportManagementSystem\target\classes started by Hp in C:\Users\Hp\Desktop\WorkSpace\Micro-services\TransportManagementSystem)
2024-08-05 23:03:43.473 [restartedMain] INFO  com.tms.mono.TransportManagementSystemApplication - No active profile set, falling back to 1 default profile: "default"
2024-08-05 23:03:45.599 [restartedMain] INFO  com.tms.mono.TransportManagementSystemApplication - Started TransportManagementSystemApplication in 2.179 seconds (process running for 3527.661)
2024-08-05 23:03:49.171 [http-nio-8081-exec-1] INFO  com.tms.mono.controller.AssigningController - In AssigningController -> assignConsighnment 
2024-08-05 23:03:49.176 [http-nio-8081-exec-1] INFO  com.tms.mono.service.impl.AssighnmentServiceImpl -  In <AssighnmentServiceImpl> starting assighnConsighnment
2024-08-05 23:03:49.176 [http-nio-8081-exec-1] INFO  com.tms.mono.service.impl.AssighnmentServiceImpl - In try block finding details in database
2024-08-05 23:03:49.176 [http-nio-8081-exec-1] INFO  com.tms.mono.service.impl.AssighnmentServiceImpl - Finding Consighnment , Vehical and related Routes for assighning consighnment....
2024-08-05 23:03:49.190 [http-nio-8081-exec-1] ERROR com.tms.mono.service.impl.AssighnmentServiceImpl - Exception occurs during assighnment of consighnment in service:
 Cannot invoke "com.tms.mono.model.Route.getRouteName()" because the return value of "com.tms.mono.model.Consighnment.getRoute()" is null
2024-08-05 23:05:21.484 [restartedMain] INFO  com.tms.mono.TransportManagementSystemApplication - Starting TransportManagementSystemApplication using Java 17.0.7 with PID 5124 (C:\Users\Hp\Desktop\WorkSpace\Micro-services\TransportManagementSystem\target\classes started by Hp in C:\Users\Hp\Desktop\WorkSpace\Micro-services\TransportManagementSystem)
2024-08-05 23:05:21.485 [restartedMain] INFO  com.tms.mono.TransportManagementSystemApplication - No active profile set, falling back to 1 default profile: "default"
2024-08-05 23:05:23.401 [restartedMain] INFO  com.tms.mono.TransportManagementSystemApplication - Started TransportManagementSystemApplication in 1.96 seconds (process running for 3625.462)
2024-08-05 23:09:25.510 [restartedMain] INFO  com.tms.mono.TransportManagementSystemApplication - Starting TransportManagementSystemApplication using Java 17.0.7 with PID 5124 (C:\Users\Hp\Desktop\WorkSpace\Micro-services\TransportManagementSystem\target\classes started by Hp in C:\Users\Hp\Desktop\WorkSpace\Micro-services\TransportManagementSystem)
2024-08-05 23:09:25.512 [restartedMain] INFO  com.tms.mono.TransportManagementSystemApplication - No active profile set, falling back to 1 default profile: "default"
2024-08-05 23:09:27.683 [restartedMain] INFO  com.tms.mono.TransportManagementSystemApplication - Started TransportManagementSystemApplication in 2.227 seconds (process running for 3869.744)
2024-08-05 23:10:06.847 [restartedMain] INFO  com.tms.mono.TransportManagementSystemApplication - Starting TransportManagementSystemApplication using Java 17.0.7 with PID 5124 (C:\Users\Hp\Desktop\WorkSpace\Micro-services\TransportManagementSystem\target\classes started by Hp in C:\Users\Hp\Desktop\WorkSpace\Micro-services\TransportManagementSystem)
2024-08-05 23:10:06.849 [restartedMain] INFO  com.tms.mono.TransportManagementSystemApplication - No active profile set, falling back to 1 default profile: "default"
2024-08-05 23:10:09.515 [restartedMain] INFO  com.tms.mono.TransportManagementSystemApplication - Started TransportManagementSystemApplication in 2.716 seconds (process running for 3911.576)
2024-08-05 23:10:11.509 [restartedMain] INFO  com.tms.mono.TransportManagementSystemApplication - Starting TransportManagementSystemApplication using Java 17.0.7 with PID 5124 (C:\Users\Hp\Desktop\WorkSpace\Micro-services\TransportManagementSystem\target\classes started by Hp in C:\Users\Hp\Desktop\WorkSpace\Micro-services\TransportManagementSystem)
2024-08-05 23:10:11.510 [restartedMain] INFO  com.tms.mono.TransportManagementSystemApplication - No active profile set, falling back to 1 default profile: "default"
2024-08-05 23:10:13.717 [restartedMain] INFO  com.tms.mono.TransportManagementSystemApplication - Started TransportManagementSystemApplication in 2.277 seconds (process running for 3915.779)
2024-08-05 23:10:28.539 [http-nio-8081-exec-2] INFO  com.tms.mono.controller.AssigningController - In AssigningController -> assignConsighnment 
2024-08-05 23:10:28.541 [http-nio-8081-exec-2] INFO  com.tms.mono.service.impl.AssighnmentServiceImpl -  In <AssighnmentServiceImpl> starting assighnConsighnment
2024-08-05 23:10:28.542 [http-nio-8081-exec-2] INFO  com.tms.mono.service.impl.AssighnmentServiceImpl - In try block finding details in database
2024-08-05 23:10:28.542 [http-nio-8081-exec-2] INFO  com.tms.mono.service.impl.AssighnmentServiceImpl - Finding Consighnment , Vehical and related Routes for assighning consighnment....
2024-08-05 23:10:28.803 [http-nio-8081-exec-2] INFO  com.tms.mono.service.impl.AssighnmentServiceImpl - Creating new : 'AssignedConsighnmentsDetails' 
2024-08-05 23:10:28.803 [http-nio-8081-exec-2] INFO  com.tms.mono.service.impl.AssighnmentServiceImpl - Setting details........
2024-08-05 23:12:50.753 [restartedMain] INFO  com.tms.mono.TransportManagementSystemApplication - Starting TransportManagementSystemApplication using Java 17.0.7 with PID 5124 (C:\Users\Hp\Desktop\WorkSpace\Micro-services\TransportManagementSystem\target\classes started by Hp in C:\Users\Hp\Desktop\WorkSpace\Micro-services\TransportManagementSystem)
2024-08-05 23:12:50.755 [restartedMain] INFO  com.tms.mono.TransportManagementSystemApplication - No active profile set, falling back to 1 default profile: "default"
2024-08-05 23:12:53.011 [restartedMain] INFO  com.tms.mono.TransportManagementSystemApplication - Started TransportManagementSystemApplication in 2.314 seconds (process running for 4075.072)
2024-08-05 23:12:57.166 [http-nio-8081-exec-2] INFO  com.tms.mono.controller.AssigningController - In AssigningController -> assignConsighnment 
2024-08-05 23:12:57.169 [http-nio-8081-exec-2] INFO  com.tms.mono.service.impl.AssighnmentServiceImpl -  In <AssighnmentServiceImpl> starting assighnConsighnment
2024-08-05 23:12:57.170 [http-nio-8081-exec-2] INFO  com.tms.mono.service.impl.AssighnmentServiceImpl - In try block finding details in database
2024-08-05 23:12:57.170 [http-nio-8081-exec-2] INFO  com.tms.mono.service.impl.AssighnmentServiceImpl - Finding Consighnment , Vehical and related Routes for assighning consighnment....
2024-08-05 23:12:57.190 [http-nio-8081-exec-2] INFO  com.tms.mono.service.impl.AssighnmentServiceImpl - Creating new : 'AssignedConsighnmentsDetails' 
2024-08-05 23:12:57.191 [http-nio-8081-exec-2] INFO  com.tms.mono.service.impl.AssighnmentServiceImpl - Setting details........
2024-08-05 23:13:25.851 [restartedMain] INFO  com.tms.mono.TransportManagementSystemApplication - Starting TransportManagementSystemApplication using Java 17.0.7 with PID 5124 (C:\Users\Hp\Desktop\WorkSpace\Micro-services\TransportManagementSystem\target\classes started by Hp in C:\Users\Hp\Desktop\WorkSpace\Micro-services\TransportManagementSystem)
2024-08-05 23:13:25.852 [restartedMain] INFO  com.tms.mono.TransportManagementSystemApplication - No active profile set, falling back to 1 default profile: "default"
2024-08-05 23:13:28.239 [restartedMain] INFO  com.tms.mono.TransportManagementSystemApplication - Started TransportManagementSystemApplication in 2.453 seconds (process running for 4110.3)
2024-08-05 23:13:30.069 [restartedMain] INFO  com.tms.mono.TransportManagementSystemApplication - Starting TransportManagementSystemApplication using Java 17.0.7 with PID 5124 (C:\Users\Hp\Desktop\WorkSpace\Micro-services\TransportManagementSystem\target\classes started by Hp in C:\Users\Hp\Desktop\WorkSpace\Micro-services\TransportManagementSystem)
2024-08-05 23:13:30.070 [restartedMain] INFO  com.tms.mono.TransportManagementSystemApplication - No active profile set, falling back to 1 default profile: "default"
2024-08-05 23:13:32.044 [restartedMain] INFO  com.tms.mono.TransportManagementSystemApplication - Started TransportManagementSystemApplication in 2.016 seconds (process running for 4114.106)
2024-08-05 23:13:36.533 [http-nio-8081-exec-2] INFO  com.tms.mono.controller.AssigningController - In AssigningController -> assignConsighnment 
2024-08-05 23:13:36.536 [http-nio-8081-exec-2] INFO  com.tms.mono.service.impl.AssighnmentServiceImpl -  In <AssighnmentServiceImpl> starting assighnConsighnment
2024-08-05 23:13:36.536 [http-nio-8081-exec-2] INFO  com.tms.mono.service.impl.AssighnmentServiceImpl - In try block finding details in database
2024-08-05 23:13:36.536 [http-nio-8081-exec-2] INFO  com.tms.mono.service.impl.AssighnmentServiceImpl - Finding Consighnment , Vehical and related Routes for assighning consighnment....
2024-08-05 23:13:36.553 [http-nio-8081-exec-2] INFO  com.tms.mono.service.impl.AssighnmentServiceImpl - Creating new : 'AssignedConsighnmentsDetails' 
2024-08-05 23:13:36.553 [http-nio-8081-exec-2] INFO  com.tms.mono.service.impl.AssighnmentServiceImpl - Setting details........
2024-08-05 23:13:36.562 [http-nio-8081-exec-2] INFO  com.tms.mono.service.impl.AssighnmentServiceImpl - Saving : Consighnment(id=1, consighnmentOwner=null, type=Electric Spareparts, startingPlace=Pune, destination=Satara, loadWeight=1000.0, fare=20000.0, status=Non_Active, route=Route(id=6, routeName=Pune-Satara Road, startLocation=Pune, destination=Satara, consighnments=[], vehicals=[]), consighnmentsDetails=null)
2024-08-05 23:14:33.109 [restartedMain] INFO  com.tms.mono.TransportManagementSystemApplication - Starting TransportManagementSystemApplication using Java 17.0.7 with PID 5124 (C:\Users\Hp\Desktop\WorkSpace\Micro-services\TransportManagementSystem\target\classes started by Hp in C:\Users\Hp\Desktop\WorkSpace\Micro-services\TransportManagementSystem)
2024-08-05 23:14:33.110 [restartedMain] INFO  com.tms.mono.TransportManagementSystemApplication - No active profile set, falling back to 1 default profile: "default"
2024-08-05 23:14:35.744 [restartedMain] INFO  com.tms.mono.TransportManagementSystemApplication - Started TransportManagementSystemApplication in 2.725 seconds (process running for 4177.805)
2024-08-05 23:14:37.698 [restartedMain] INFO  com.tms.mono.TransportManagementSystemApplication - Starting TransportManagementSystemApplication using Java 17.0.7 with PID 5124 (C:\Users\Hp\Desktop\WorkSpace\Micro-services\TransportManagementSystem\target\classes started by Hp in C:\Users\Hp\Desktop\WorkSpace\Micro-services\TransportManagementSystem)
2024-08-05 23:14:37.700 [restartedMain] INFO  com.tms.mono.TransportManagementSystemApplication - No active profile set, falling back to 1 default profile: "default"
2024-08-05 23:14:40.322 [restartedMain] INFO  com.tms.mono.TransportManagementSystemApplication - Started TransportManagementSystemApplication in 2.681 seconds (process running for 4182.383)
2024-08-05 23:14:51.507 [restartedMain] INFO  com.tms.mono.TransportManagementSystemApplication - Starting TransportManagementSystemApplication using Java 17.0.7 with PID 5124 (C:\Users\Hp\Desktop\WorkSpace\Micro-services\TransportManagementSystem\target\classes started by Hp in C:\Users\Hp\Desktop\WorkSpace\Micro-services\TransportManagementSystem)
2024-08-05 23:14:51.508 [restartedMain] INFO  com.tms.mono.TransportManagementSystemApplication - No active profile set, falling back to 1 default profile: "default"
2024-08-05 23:14:53.957 [restartedMain] INFO  com.tms.mono.TransportManagementSystemApplication - Started TransportManagementSystemApplication in 2.5 seconds (process running for 4196.018)
2024-08-05 23:15:00.413 [http-nio-8081-exec-2] INFO  com.tms.mono.controller.AssigningController - In AssigningController -> assignConsighnment 
2024-08-05 23:15:00.417 [http-nio-8081-exec-2] INFO  com.tms.mono.service.impl.AssighnmentServiceImpl -  In <AssighnmentServiceImpl> starting assighnConsighnment
2024-08-05 23:15:00.417 [http-nio-8081-exec-2] INFO  com.tms.mono.service.impl.AssighnmentServiceImpl - In try block finding details in database
2024-08-05 23:15:00.417 [http-nio-8081-exec-2] INFO  com.tms.mono.service.impl.AssighnmentServiceImpl - Finding Consighnment , Vehical and related Routes for assighning consighnment....
2024-08-05 23:15:00.438 [http-nio-8081-exec-2] INFO  com.tms.mono.service.impl.AssighnmentServiceImpl - Creating new : 'AssignedConsighnmentsDetails' 
2024-08-05 23:15:00.438 [http-nio-8081-exec-2] INFO  com.tms.mono.service.impl.AssighnmentServiceImpl - Setting details........
2024-08-05 23:17:28.876 [restartedMain] INFO  com.tms.mono.TransportManagementSystemApplication - Starting TransportManagementSystemApplication using Java 17.0.7 with PID 5124 (C:\Users\Hp\Desktop\WorkSpace\Micro-services\TransportManagementSystem\target\classes started by Hp in C:\Users\Hp\Desktop\WorkSpace\Micro-services\TransportManagementSystem)
2024-08-05 23:17:28.877 [restartedMain] INFO  com.tms.mono.TransportManagementSystemApplication - No active profile set, falling back to 1 default profile: "default"
2024-08-05 23:17:30.871 [restartedMain] INFO  com.tms.mono.TransportManagementSystemApplication - Started TransportManagementSystemApplication in 2.061 seconds (process running for 4352.933)
2024-08-05 23:17:38.800 [restartedMain] INFO  com.tms.mono.TransportManagementSystemApplication - Starting TransportManagementSystemApplication using Java 17.0.7 with PID 5124 (C:\Users\Hp\Desktop\WorkSpace\Micro-services\TransportManagementSystem\target\classes started by Hp in C:\Users\Hp\Desktop\WorkSpace\Micro-services\TransportManagementSystem)
2024-08-05 23:17:38.801 [restartedMain] INFO  com.tms.mono.TransportManagementSystemApplication - No active profile set, falling back to 1 default profile: "default"
2024-08-05 23:17:40.879 [restartedMain] INFO  com.tms.mono.TransportManagementSystemApplication - Started TransportManagementSystemApplication in 2.12 seconds (process running for 4362.94)
2024-08-05 23:17:44.966 [http-nio-8081-exec-2] INFO  com.tms.mono.controller.AssigningController - In AssigningController -> assignConsighnment 
2024-08-05 23:17:44.970 [http-nio-8081-exec-2] INFO  com.tms.mono.service.impl.AssighnmentServiceImpl -  In <AssighnmentServiceImpl> starting assighnConsighnment
2024-08-05 23:17:44.970 [http-nio-8081-exec-2] INFO  com.tms.mono.service.impl.AssighnmentServiceImpl - In try block finding details in database
2024-08-05 23:17:44.970 [http-nio-8081-exec-2] INFO  com.tms.mono.service.impl.AssighnmentServiceImpl - Finding Consighnment , Vehical and related Routes for assighning consighnment....
2024-08-05 23:17:44.992 [http-nio-8081-exec-2] INFO  com.tms.mono.service.impl.AssighnmentServiceImpl - Creating new : 'AssignedConsighnmentsDetails' 
2024-08-05 23:17:44.992 [http-nio-8081-exec-2] INFO  com.tms.mono.service.impl.AssighnmentServiceImpl - Setting details........
2024-08-05 23:18:47.889 [restartedMain] INFO  com.tms.mono.TransportManagementSystemApplication - Starting TransportManagementSystemApplication using Java 17.0.7 with PID 5124 (C:\Users\Hp\Desktop\WorkSpace\Micro-services\TransportManagementSystem\target\classes started by Hp in C:\Users\Hp\Desktop\WorkSpace\Micro-services\TransportManagementSystem)
2024-08-05 23:18:47.890 [restartedMain] INFO  com.tms.mono.TransportManagementSystemApplication - No active profile set, falling back to 1 default profile: "default"
2024-08-05 23:18:49.831 [restartedMain] INFO  com.tms.mono.TransportManagementSystemApplication - Started TransportManagementSystemApplication in 1.984 seconds (process running for 4431.892)
