2024-08-06 23:34:01.121 [restartedMain] INFO  com.tms.mono.TransportManagementSystemApplication - Starting TransportManagementSystemApplication using Java 17.0.7 with PID 18812 (C:\Users\Hp\Desktop\WorkSpace\Micro-services\TransportManagementSystem\target\classes started by Hp in C:\Users\Hp\Desktop\WorkSpace\Micro-services\TransportManagementSystem)
2024-08-06 23:34:01.161 [restartedMain] INFO  com.tms.mono.TransportManagementSystemApplication - No active profile set, falling back to 1 default profile: "default"
2024-08-06 23:34:14.935 [restartedMain] INFO  com.tms.mono.TransportManagementSystemApplication - Started TransportManagementSystemApplication in 14.588 seconds (process running for 17.588)
2024-08-06 23:37:43.447 [restartedMain] INFO  com.tms.mono.TransportManagementSystemApplication - Starting TransportManagementSystemApplication using Java 17.0.7 with PID 18812 (C:\Users\Hp\Desktop\WorkSpace\Micro-services\TransportManagementSystem\target\classes started by Hp in C:\Users\Hp\Desktop\WorkSpace\Micro-services\TransportManagementSystem)
2024-08-06 23:37:43.449 [restartedMain] INFO  com.tms.mono.TransportManagementSystemApplication - No active profile set, falling back to 1 default profile: "default"
2024-08-06 23:37:45.754 [restartedMain] INFO  com.tms.mono.TransportManagementSystemApplication - Started TransportManagementSystemApplication in 2.38 seconds (process running for 228.406)
2024-08-06 23:37:50.586 [http-nio-8081-exec-2] INFO  com.tms.mono.controller.AssigningController - In AssigningController -> assignConsighnment 
2024-08-06 23:37:50.600 [http-nio-8081-exec-2] INFO  com.tms.mono.service.impl.AssighnmentServiceImpl -  In <AssighnmentServiceImpl> starting assighnConsighnment
2024-08-06 23:37:50.600 [http-nio-8081-exec-2] INFO  com.tms.mono.service.impl.AssighnmentServiceImpl - In try block finding details in database
2024-08-06 23:37:50.601 [http-nio-8081-exec-2] INFO  com.tms.mono.service.impl.AssighnmentServiceImpl - Finding Consighnment , Vehical and related Routes for assighning consighnment....
2024-08-06 23:37:50.964 [http-nio-8081-exec-2] INFO  com.tms.mono.service.impl.AssighnmentServiceImpl - Creating new : 'AssignedConsighnmentsDetails' 
2024-08-06 23:37:50.964 [http-nio-8081-exec-2] INFO  com.tms.mono.service.impl.AssighnmentServiceImpl - Setting details........
2024-08-06 23:37:50.964 [http-nio-8081-exec-2] INFO  com.tms.mono.service.impl.AssighnmentServiceImpl - Setting consighnment
2024-08-06 23:37:50.964 [http-nio-8081-exec-2] INFO  com.tms.mono.service.impl.AssighnmentServiceImpl - Setting Vehical
2024-08-06 23:37:50.965 [http-nio-8081-exec-2] INFO  com.tms.mono.service.impl.AssighnmentServiceImpl - Setting route
2024-08-06 23:38:19.806 [restartedMain] INFO  com.tms.mono.TransportManagementSystemApplication - Starting TransportManagementSystemApplication using Java 17.0.7 with PID 18812 (C:\Users\Hp\Desktop\WorkSpace\Micro-services\TransportManagementSystem\target\classes started by Hp in C:\Users\Hp\Desktop\WorkSpace\Micro-services\TransportManagementSystem)
2024-08-06 23:38:19.807 [restartedMain] INFO  com.tms.mono.TransportManagementSystemApplication - No active profile set, falling back to 1 default profile: "default"
2024-08-06 23:38:22.420 [restartedMain] INFO  com.tms.mono.TransportManagementSystemApplication - Started TransportManagementSystemApplication in 2.683 seconds (process running for 265.073)
2024-08-06 23:38:32.607 [http-nio-8081-exec-2] INFO  com.tms.mono.controller.AssigningController - In AssigningController -> assignConsighnment 
2024-08-06 23:38:32.610 [http-nio-8081-exec-2] INFO  com.tms.mono.service.impl.AssighnmentServiceImpl -  In <AssighnmentServiceImpl> starting assighnConsighnment
2024-08-06 23:38:32.610 [http-nio-8081-exec-2] INFO  com.tms.mono.service.impl.AssighnmentServiceImpl - In try block finding details in database
2024-08-06 23:38:32.610 [http-nio-8081-exec-2] INFO  com.tms.mono.service.impl.AssighnmentServiceImpl - Finding Consighnment , Vehical and related Routes for assighning consighnment....
2024-08-06 23:38:32.637 [http-nio-8081-exec-2] INFO  com.tms.mono.service.impl.AssighnmentServiceImpl - Creating new : 'AssignedConsighnmentsDetails' 
2024-08-06 23:38:32.637 [http-nio-8081-exec-2] INFO  com.tms.mono.service.impl.AssighnmentServiceImpl - Setting details........
2024-08-06 23:38:32.637 [http-nio-8081-exec-2] INFO  com.tms.mono.service.impl.AssighnmentServiceImpl - Setting route
2024-08-06 23:38:32.638 [http-nio-8081-exec-2] INFO  com.tms.mono.service.impl.AssighnmentServiceImpl - Setting consighnment
2024-08-06 23:38:32.638 [http-nio-8081-exec-2] INFO  com.tms.mono.service.impl.AssighnmentServiceImpl - Setting Vehical
2024-08-06 23:39:27.345 [restartedMain] INFO  com.tms.mono.TransportManagementSystemApplication - Starting TransportManagementSystemApplication using Java 17.0.7 with PID 18812 (C:\Users\Hp\Desktop\WorkSpace\Micro-services\TransportManagementSystem\target\classes started by Hp in C:\Users\Hp\Desktop\WorkSpace\Micro-services\TransportManagementSystem)
2024-08-06 23:39:27.346 [restartedMain] INFO  com.tms.mono.TransportManagementSystemApplication - No active profile set, falling back to 1 default profile: "default"
2024-08-06 23:39:29.468 [restartedMain] INFO  com.tms.mono.TransportManagementSystemApplication - Started TransportManagementSystemApplication in 2.193 seconds (process running for 332.12)
2024-08-06 23:39:55.042 [restartedMain] INFO  com.tms.mono.TransportManagementSystemApplication - Starting TransportManagementSystemApplication using Java 17.0.7 with PID 18812 (C:\Users\Hp\Desktop\WorkSpace\Micro-services\TransportManagementSystem\target\classes started by Hp in C:\Users\Hp\Desktop\WorkSpace\Micro-services\TransportManagementSystem)
2024-08-06 23:39:55.043 [restartedMain] INFO  com.tms.mono.TransportManagementSystemApplication - No active profile set, falling back to 1 default profile: "default"
2024-08-06 23:39:57.133 [restartedMain] INFO  com.tms.mono.TransportManagementSystemApplication - Started TransportManagementSystemApplication in 2.15 seconds (process running for 359.785)
2024-08-06 23:40:43.679 [restartedMain] INFO  com.tms.mono.TransportManagementSystemApplication - Starting TransportManagementSystemApplication using Java 17.0.7 with PID 18812 (C:\Users\Hp\Desktop\WorkSpace\Micro-services\TransportManagementSystem\target\classes started by Hp in C:\Users\Hp\Desktop\WorkSpace\Micro-services\TransportManagementSystem)
2024-08-06 23:40:43.680 [restartedMain] INFO  com.tms.mono.TransportManagementSystemApplication - No active profile set, falling back to 1 default profile: "default"
2024-08-06 23:40:45.836 [restartedMain] INFO  com.tms.mono.TransportManagementSystemApplication - Started TransportManagementSystemApplication in 2.206 seconds (process running for 408.488)
2024-08-06 23:41:00.862 [restartedMain] INFO  com.tms.mono.TransportManagementSystemApplication - Starting TransportManagementSystemApplication using Java 17.0.7 with PID 18812 (C:\Users\Hp\Desktop\WorkSpace\Micro-services\TransportManagementSystem\target\classes started by Hp in C:\Users\Hp\Desktop\WorkSpace\Micro-services\TransportManagementSystem)
2024-08-06 23:41:00.863 [restartedMain] INFO  com.tms.mono.TransportManagementSystemApplication - No active profile set, falling back to 1 default profile: "default"
2024-08-06 23:41:02.924 [restartedMain] INFO  com.tms.mono.TransportManagementSystemApplication - Started TransportManagementSystemApplication in 2.112 seconds (process running for 425.577)
2024-08-06 23:41:13.207 [http-nio-8081-exec-2] INFO  com.tms.mono.controller.AssigningController - In AssigningController -> assignConsighnment 
2024-08-06 23:41:13.209 [http-nio-8081-exec-2] INFO  com.tms.mono.service.impl.AssighnmentServiceImpl -  In <AssighnmentServiceImpl> starting assighnConsighnment
2024-08-06 23:41:13.210 [http-nio-8081-exec-2] INFO  com.tms.mono.service.impl.AssighnmentServiceImpl - In try block finding details in database
2024-08-06 23:41:13.210 [http-nio-8081-exec-2] INFO  com.tms.mono.service.impl.AssighnmentServiceImpl - Finding Consighnment , Vehical and related Routes for assighning consighnment....
2024-08-06 23:41:13.228 [http-nio-8081-exec-2] INFO  com.tms.mono.service.impl.AssighnmentServiceImpl - Creating new : 'AssignedConsighnmentsDetails' 
2024-08-06 23:41:13.228 [http-nio-8081-exec-2] INFO  com.tms.mono.service.impl.AssighnmentServiceImpl - Setting details........
2024-08-06 23:41:13.229 [http-nio-8081-exec-2] INFO  com.tms.mono.service.impl.AssighnmentServiceImpl - Setting route
2024-08-06 23:41:13.229 [http-nio-8081-exec-2] INFO  com.tms.mono.service.impl.AssighnmentServiceImpl - route added
2024-08-06 23:41:13.229 [http-nio-8081-exec-2] INFO  com.tms.mono.service.impl.AssighnmentServiceImpl - Setting consighnment
2024-08-06 23:41:13.229 [http-nio-8081-exec-2] INFO  com.tms.mono.service.impl.AssighnmentServiceImpl - consighnment added
2024-08-06 23:41:13.229 [http-nio-8081-exec-2] INFO  com.tms.mono.service.impl.AssighnmentServiceImpl - Setting Vehical
2024-08-06 23:41:13.229 [http-nio-8081-exec-2] INFO  com.tms.mono.service.impl.AssighnmentServiceImpl - Vehical added
2024-08-06 23:44:45.101 [http-nio-8081-exec-4] INFO  com.tms.mono.controller.AssigningController - In AssigningController -> assignConsighnment 
2024-08-06 23:44:45.103 [http-nio-8081-exec-4] INFO  com.tms.mono.service.impl.AssighnmentServiceImpl -  In <AssighnmentServiceImpl> starting assighnConsighnment
2024-08-06 23:44:45.104 [http-nio-8081-exec-4] INFO  com.tms.mono.service.impl.AssighnmentServiceImpl - In try block finding details in database
2024-08-06 23:44:45.104 [http-nio-8081-exec-4] INFO  com.tms.mono.service.impl.AssighnmentServiceImpl - Finding Consighnment , Vehical and related Routes for assighning consighnment....
2024-08-06 23:44:45.125 [http-nio-8081-exec-4] INFO  com.tms.mono.service.impl.AssighnmentServiceImpl - Creating new : 'AssignedConsighnmentsDetails' 
2024-08-06 23:44:45.126 [http-nio-8081-exec-4] INFO  com.tms.mono.service.impl.AssighnmentServiceImpl - Setting details........
2024-08-06 23:44:45.126 [http-nio-8081-exec-4] INFO  com.tms.mono.service.impl.AssighnmentServiceImpl - Setting route
2024-08-06 23:44:45.127 [http-nio-8081-exec-4] INFO  com.tms.mono.service.impl.AssighnmentServiceImpl - route added
2024-08-06 23:44:45.127 [http-nio-8081-exec-4] INFO  com.tms.mono.service.impl.AssighnmentServiceImpl - Setting consighnment
2024-08-06 23:44:45.128 [http-nio-8081-exec-4] INFO  com.tms.mono.service.impl.AssighnmentServiceImpl - consighnment added
2024-08-06 23:44:45.128 [http-nio-8081-exec-4] INFO  com.tms.mono.service.impl.AssighnmentServiceImpl - Setting Vehical
2024-08-06 23:44:45.128 [http-nio-8081-exec-4] INFO  com.tms.mono.service.impl.AssighnmentServiceImpl - Vehical added
2024-08-06 23:45:39.139 [restartedMain] INFO  com.tms.mono.TransportManagementSystemApplication - Starting TransportManagementSystemApplication using Java 17.0.7 with PID 18812 (C:\Users\Hp\Desktop\WorkSpace\Micro-services\TransportManagementSystem\target\classes started by Hp in C:\Users\Hp\Desktop\WorkSpace\Micro-services\TransportManagementSystem)
2024-08-06 23:45:39.140 [restartedMain] INFO  com.tms.mono.TransportManagementSystemApplication - No active profile set, falling back to 1 default profile: "default"
2024-08-06 23:45:41.326 [restartedMain] INFO  com.tms.mono.TransportManagementSystemApplication - Started TransportManagementSystemApplication in 2.239 seconds (process running for 703.979)
2024-08-06 23:49:35.288 [restartedMain] INFO  com.tms.mono.TransportManagementSystemApplication - Starting TransportManagementSystemApplication using Java 17.0.7 with PID 14612 (C:\Users\Hp\Desktop\WorkSpace\Micro-services\TransportManagementSystem\target\classes started by Hp in C:\Users\Hp\Desktop\WorkSpace\Micro-services\TransportManagementSystem)
2024-08-06 23:49:35.312 [restartedMain] INFO  com.tms.mono.TransportManagementSystemApplication - No active profile set, falling back to 1 default profile: "default"
2024-08-06 23:49:47.210 [restartedMain] INFO  com.tms.mono.TransportManagementSystemApplication - Started TransportManagementSystemApplication in 12.819 seconds (process running for 15.128)
2024-08-06 23:49:51.664 [http-nio-8081-exec-1] INFO  com.tms.mono.controller.AssigningController - In AssigningController -> assignConsighnment 
2024-08-06 23:49:51.678 [http-nio-8081-exec-1] INFO  com.tms.mono.service.impl.AssighnmentServiceImpl -  In <AssighnmentServiceImpl> starting assighnConsighnment
2024-08-06 23:49:51.678 [http-nio-8081-exec-1] INFO  com.tms.mono.service.impl.AssighnmentServiceImpl - In try block finding details in database
2024-08-06 23:49:51.678 [http-nio-8081-exec-1] INFO  com.tms.mono.service.impl.AssighnmentServiceImpl - Finding Consighnment , Vehical and related Routes for assighning consighnment....
2024-08-06 23:49:52.053 [http-nio-8081-exec-1] INFO  com.tms.mono.service.impl.AssighnmentServiceImpl - Creating new : 'AssignedConsighnmentsDetails' 
2024-08-06 23:49:52.054 [http-nio-8081-exec-1] INFO  com.tms.mono.service.impl.AssighnmentServiceImpl - Setting details........
2024-08-06 23:49:52.054 [http-nio-8081-exec-1] INFO  com.tms.mono.service.impl.AssighnmentServiceImpl - Setting route
2024-08-06 23:49:52.055 [http-nio-8081-exec-1] INFO  com.tms.mono.service.impl.AssighnmentServiceImpl - route added
2024-08-06 23:49:52.055 [http-nio-8081-exec-1] INFO  com.tms.mono.service.impl.AssighnmentServiceImpl - Setting consighnment
2024-08-06 23:49:52.055 [http-nio-8081-exec-1] INFO  com.tms.mono.service.impl.AssighnmentServiceImpl - consighnment added
2024-08-06 23:49:52.055 [http-nio-8081-exec-1] INFO  com.tms.mono.service.impl.AssighnmentServiceImpl - Setting Vehical
2024-08-06 23:49:52.055 [http-nio-8081-exec-1] INFO  com.tms.mono.service.impl.AssighnmentServiceImpl - Vehical added
2024-08-06 23:50:37.915 [restartedMain] INFO  com.tms.mono.TransportManagementSystemApplication - Starting TransportManagementSystemApplication using Java 17.0.7 with PID 14612 (C:\Users\Hp\Desktop\WorkSpace\Micro-services\TransportManagementSystem\target\classes started by Hp in C:\Users\Hp\Desktop\WorkSpace\Micro-services\TransportManagementSystem)
2024-08-06 23:50:37.917 [restartedMain] INFO  com.tms.mono.TransportManagementSystemApplication - No active profile set, falling back to 1 default profile: "default"
2024-08-06 23:50:40.584 [restartedMain] INFO  com.tms.mono.TransportManagementSystemApplication - Started TransportManagementSystemApplication in 2.726 seconds (process running for 68.503)
2024-08-06 23:50:42.409 [restartedMain] INFO  com.tms.mono.TransportManagementSystemApplication - Starting TransportManagementSystemApplication using Java 17.0.7 with PID 14612 (C:\Users\Hp\Desktop\WorkSpace\Micro-services\TransportManagementSystem\target\classes started by Hp in C:\Users\Hp\Desktop\WorkSpace\Micro-services\TransportManagementSystem)
2024-08-06 23:50:42.411 [restartedMain] INFO  com.tms.mono.TransportManagementSystemApplication - No active profile set, falling back to 1 default profile: "default"
2024-08-06 23:50:44.698 [restartedMain] INFO  com.tms.mono.TransportManagementSystemApplication - Started TransportManagementSystemApplication in 2.379 seconds (process running for 72.616)
2024-08-06 23:50:52.668 [restartedMain] INFO  com.tms.mono.TransportManagementSystemApplication - Starting TransportManagementSystemApplication using Java 17.0.7 with PID 14612 (C:\Users\Hp\Desktop\WorkSpace\Micro-services\TransportManagementSystem\target\classes started by Hp in C:\Users\Hp\Desktop\WorkSpace\Micro-services\TransportManagementSystem)
2024-08-06 23:50:52.669 [restartedMain] INFO  com.tms.mono.TransportManagementSystemApplication - No active profile set, falling back to 1 default profile: "default"
2024-08-06 23:50:55.283 [restartedMain] INFO  com.tms.mono.TransportManagementSystemApplication - Started TransportManagementSystemApplication in 2.671 seconds (process running for 83.201)
2024-08-06 23:51:18.560 [http-nio-8081-exec-2] INFO  com.tms.mono.controller.AssigningController - In AssigningController -> assignConsighnment 
2024-08-06 23:51:18.562 [http-nio-8081-exec-2] INFO  com.tms.mono.service.impl.AssighnmentServiceImpl -  In <AssighnmentServiceImpl> starting assighnConsighnment
2024-08-06 23:51:18.563 [http-nio-8081-exec-2] INFO  com.tms.mono.service.impl.AssighnmentServiceImpl - In try block finding details in database
2024-08-06 23:51:18.563 [http-nio-8081-exec-2] INFO  com.tms.mono.service.impl.AssighnmentServiceImpl - Finding Consighnment , Vehical and related Routes for assighning consighnment....
2024-08-06 23:51:18.580 [http-nio-8081-exec-2] INFO  com.tms.mono.service.impl.AssighnmentServiceImpl - Creating new : 'AssignedConsighnmentsDetails' 
2024-08-06 23:51:18.580 [http-nio-8081-exec-2] INFO  com.tms.mono.service.impl.AssighnmentServiceImpl - Setting details........
2024-08-06 23:51:18.581 [http-nio-8081-exec-2] INFO  com.tms.mono.service.impl.AssighnmentServiceImpl - Setting route
2024-08-06 23:51:18.581 [http-nio-8081-exec-2] INFO  com.tms.mono.service.impl.AssighnmentServiceImpl - route added
2024-08-06 23:51:18.581 [http-nio-8081-exec-2] INFO  com.tms.mono.service.impl.AssighnmentServiceImpl - Setting consighnment
2024-08-06 23:51:18.581 [http-nio-8081-exec-2] INFO  com.tms.mono.service.impl.AssighnmentServiceImpl - consighnment added
2024-08-06 23:51:18.582 [http-nio-8081-exec-2] INFO  com.tms.mono.service.impl.AssighnmentServiceImpl - Setting Vehical
2024-08-06 23:51:18.582 [http-nio-8081-exec-2] INFO  com.tms.mono.service.impl.AssighnmentServiceImpl - Vehical added
2024-08-06 23:58:34.163 [restartedMain] INFO  com.tms.mono.TransportManagementSystemApplication - Starting TransportManagementSystemApplication using Java 17.0.7 with PID 14612 (C:\Users\Hp\Desktop\WorkSpace\Micro-services\TransportManagementSystem\target\classes started by Hp in C:\Users\Hp\Desktop\WorkSpace\Micro-services\TransportManagementSystem)
2024-08-06 23:58:34.164 [restartedMain] INFO  com.tms.mono.TransportManagementSystemApplication - No active profile set, falling back to 1 default profile: "default"
2024-08-06 23:58:36.886 [restartedMain] INFO  com.tms.mono.TransportManagementSystemApplication - Started TransportManagementSystemApplication in 2.796 seconds (process running for 544.804)
2024-08-06 23:58:38.704 [restartedMain] INFO  com.tms.mono.TransportManagementSystemApplication - Starting TransportManagementSystemApplication using Java 17.0.7 with PID 14612 (C:\Users\Hp\Desktop\WorkSpace\Micro-services\TransportManagementSystem\target\classes started by Hp in C:\Users\Hp\Desktop\WorkSpace\Micro-services\TransportManagementSystem)
2024-08-06 23:58:38.705 [restartedMain] INFO  com.tms.mono.TransportManagementSystemApplication - No active profile set, falling back to 1 default profile: "default"
2024-08-06 23:58:41.374 [restartedMain] INFO  com.tms.mono.TransportManagementSystemApplication - Started TransportManagementSystemApplication in 2.743 seconds (process running for 549.293)
2024-08-06 23:59:10.026 [restartedMain] INFO  com.tms.mono.TransportManagementSystemApplication - Starting TransportManagementSystemApplication using Java 17.0.7 with PID 14612 (C:\Users\Hp\Desktop\WorkSpace\Micro-services\TransportManagementSystem\target\classes started by Hp in C:\Users\Hp\Desktop\WorkSpace\Micro-services\TransportManagementSystem)
2024-08-06 23:59:10.027 [restartedMain] INFO  com.tms.mono.TransportManagementSystemApplication - No active profile set, falling back to 1 default profile: "default"
2024-08-06 23:59:25.061 [restartedMain] INFO  com.tms.mono.TransportManagementSystemApplication - Starting TransportManagementSystemApplication using Java 17.0.7 with PID 14612 (C:\Users\Hp\Desktop\WorkSpace\Micro-services\TransportManagementSystem\target\classes started by Hp in C:\Users\Hp\Desktop\WorkSpace\Micro-services\TransportManagementSystem)
2024-08-06 23:59:25.062 [restartedMain] INFO  com.tms.mono.TransportManagementSystemApplication - No active profile set, falling back to 1 default profile: "default"
2024-08-06 23:59:27.313 [restartedMain] INFO  com.tms.mono.TransportManagementSystemApplication - Started TransportManagementSystemApplication in 2.309 seconds (process running for 595.231)
