2024-08-23 17:20:47.178 [restartedMain] WARN  org.hibernate.orm.deprecation - HHH90000025: MySQL8Dialect does not need to be specified explicitly using 'hibernate.dialect' (remove the property setting and it will be selected by default)
2024-08-23 17:20:47.182 [restartedMain] WARN  org.hibernate.orm.deprecation - HHH90000026: MySQL8Dialect has been deprecated; use org.hibernate.dialect.MySQLDialect instead
2024-08-23 17:20:49.676 [restartedMain] WARN  org.springframework.boot.autoconfigure.orm.jpa.JpaBaseConfiguration$JpaWebConfiguration - spring.jpa.open-in-view is enabled by default. Therefore, database queries may be performed during view rendering. Explicitly configure spring.jpa.open-in-view to disable this warning
2024-08-23 17:21:28.200 [http-nio-8081-exec-1] DEBUG org.hibernate.SQL - 
    select
        c1_0.id,
        co1_0.id,
        co1_0.company,
        co1_0.mobile,
        co1_0.mobile1,
        co1_0.name,
        cd1_0.id,
        cd1_0.advance,
        cd1_0.remaining_fair,
        cd1_0.start_date,
        cd1_0.status,
        cd1_0.total_fair,
        v1_0.id,
        v1_0.maker,
        v1_0.model,
        v1_0.number,
        v1_0.owner,
        v1_0.remaining_capacity,
        v1_0.route,
        v1_0.total_capacity,
        c1_0.destination,
        c1_0.fare,
        c1_0.load_weight,
        r2_0.id,
        r2_0.destination,
        r2_0.route_name,
        r2_0.start_location,
        c1_0.starting_place,
        c1_0.status,
        c1_0.type 
    from
        consighnment c1_0 
    left join
        consighnment_owner co1_0 
            on c1_0.id=co1_0.consighnment 
    left join
        assigned_consighnments_details cd1_0 
            on cd1_0.id=c1_0.consighnments_details_id 
    left join
        vehical v1_0 
            on cd1_0.id=v1_0.assighnment 
    left join
        route r2_0 
            on r2_0.id=c1_0.route 
    where
        c1_0.id=?
2024-08-23 17:23:16.790 [restartedMain] WARN  org.hibernate.orm.deprecation - HHH90000025: MySQL8Dialect does not need to be specified explicitly using 'hibernate.dialect' (remove the property setting and it will be selected by default)
2024-08-23 17:23:16.790 [restartedMain] WARN  org.hibernate.orm.deprecation - HHH90000026: MySQL8Dialect has been deprecated; use org.hibernate.dialect.MySQLDialect instead
2024-08-23 17:23:17.219 [restartedMain] WARN  org.springframework.boot.autoconfigure.orm.jpa.JpaBaseConfiguration$JpaWebConfiguration - spring.jpa.open-in-view is enabled by default. Therefore, database queries may be performed during view rendering. Explicitly configure spring.jpa.open-in-view to disable this warning
2024-08-23 17:47:26.283 [restartedMain] WARN  org.hibernate.orm.deprecation - HHH90000025: MySQL8Dialect does not need to be specified explicitly using 'hibernate.dialect' (remove the property setting and it will be selected by default)
2024-08-23 17:47:26.285 [restartedMain] WARN  org.hibernate.orm.deprecation - HHH90000026: MySQL8Dialect has been deprecated; use org.hibernate.dialect.MySQLDialect instead
2024-08-23 17:47:28.415 [restartedMain] WARN  org.springframework.boot.autoconfigure.orm.jpa.JpaBaseConfiguration$JpaWebConfiguration - spring.jpa.open-in-view is enabled by default. Therefore, database queries may be performed during view rendering. Explicitly configure spring.jpa.open-in-view to disable this warning
2024-08-23 17:47:37.196 [http-nio-8081-exec-1] DEBUG org.hibernate.SQL - 
    select
        v1_0.id,
        v1_0.assighnment,
        v1_0.maker,
        v1_0.model,
        v1_0.number,
        v1_0.owner,
        v1_0.remaining_capacity,
        v1_0.route,
        v1_0.total_capacity 
    from
        vehical v1_0 
    where
        v1_0.number=?
2024-08-23 17:47:37.217 [http-nio-8081-exec-1] DEBUG org.hibernate.SQL - 
    select
        vo1_0.id,
        vo1_0.mobile,
        vo1_0.name 
    from
        vehical_owner vo1_0 
    where
        vo1_0.id=?
2024-08-23 17:50:16.930 [restartedMain] WARN  org.hibernate.orm.deprecation - HHH90000025: MySQL8Dialect does not need to be specified explicitly using 'hibernate.dialect' (remove the property setting and it will be selected by default)
2024-08-23 17:50:16.931 [restartedMain] WARN  org.hibernate.orm.deprecation - HHH90000026: MySQL8Dialect has been deprecated; use org.hibernate.dialect.MySQLDialect instead
2024-08-23 17:50:17.390 [restartedMain] WARN  org.springframework.boot.autoconfigure.orm.jpa.JpaBaseConfiguration$JpaWebConfiguration - spring.jpa.open-in-view is enabled by default. Therefore, database queries may be performed during view rendering. Explicitly configure spring.jpa.open-in-view to disable this warning
2024-08-23 17:51:28.351 [restartedMain] WARN  org.hibernate.orm.deprecation - HHH90000025: MySQL8Dialect does not need to be specified explicitly using 'hibernate.dialect' (remove the property setting and it will be selected by default)
2024-08-23 17:51:28.352 [restartedMain] WARN  org.hibernate.orm.deprecation - HHH90000026: MySQL8Dialect has been deprecated; use org.hibernate.dialect.MySQLDialect instead
2024-08-23 17:51:29.049 [restartedMain] WARN  org.springframework.boot.autoconfigure.orm.jpa.JpaBaseConfiguration$JpaWebConfiguration - spring.jpa.open-in-view is enabled by default. Therefore, database queries may be performed during view rendering. Explicitly configure spring.jpa.open-in-view to disable this warning
2024-08-23 17:51:31.958 [restartedMain] WARN  org.hibernate.orm.deprecation - HHH90000025: MySQL8Dialect does not need to be specified explicitly using 'hibernate.dialect' (remove the property setting and it will be selected by default)
2024-08-23 17:51:31.958 [restartedMain] WARN  org.hibernate.orm.deprecation - HHH90000026: MySQL8Dialect has been deprecated; use org.hibernate.dialect.MySQLDialect instead
2024-08-23 17:51:32.341 [restartedMain] WARN  org.springframework.boot.autoconfigure.orm.jpa.JpaBaseConfiguration$JpaWebConfiguration - spring.jpa.open-in-view is enabled by default. Therefore, database queries may be performed during view rendering. Explicitly configure spring.jpa.open-in-view to disable this warning
2024-08-23 17:53:01.355 [restartedMain] WARN  org.hibernate.orm.deprecation - HHH90000025: MySQL8Dialect does not need to be specified explicitly using 'hibernate.dialect' (remove the property setting and it will be selected by default)
2024-08-23 17:53:01.356 [restartedMain] WARN  org.hibernate.orm.deprecation - HHH90000026: MySQL8Dialect has been deprecated; use org.hibernate.dialect.MySQLDialect instead
2024-08-23 17:53:01.737 [restartedMain] WARN  org.springframework.boot.autoconfigure.orm.jpa.JpaBaseConfiguration$JpaWebConfiguration - spring.jpa.open-in-view is enabled by default. Therefore, database queries may be performed during view rendering. Explicitly configure spring.jpa.open-in-view to disable this warning
