2024-08-05 11:27:19.508 [restartedMain] INFO  com.tms.mono.TransportManagementSystemApplication - Starting TransportManagementSystemApplication using Java 17.0.7 with PID 15444 (C:\Users\Hp\Desktop\WorkSpace\Micro-services\TransportManagementSystem\target\classes started by Hp in C:\Users\Hp\Desktop\WorkSpace\Micro-services\TransportManagementSystem)
2024-08-05 11:27:19.526 [restartedMain] INFO  com.tms.mono.TransportManagementSystemApplication - No active profile set, falling back to 1 default profile: "default"
2024-08-05 11:27:26.349 [restartedMain] INFO  com.tms.mono.TransportManagementSystemApplication - Started TransportManagementSystemApplication in 7.249 seconds (process running for 12.324)
2024-08-05 11:27:58.253 [http-nio-8081-exec-1] INFO  com.tms.mono.controller.CreationControllerV1 - In <CreationControllerV1>
2024-08-05 11:27:58.260 [http-nio-8081-exec-1] INFO  com.tms.mono.service.impl.CreateServiceImpl - Adding new Vehical to the database : Vehical(id=null, maker=Force Motors, model=Urbania, number=DL5CZ5678, totalCapacity=1500.0, remainingCapacity=1000.0, owner=VehicalOwner(id=null, name=Logistics Express, mobile=[8765432109], vehicals=null), drivers=null, route=null, assighnment=null)
2024-08-05 11:30:05.029 [restartedMain] INFO  com.tms.mono.TransportManagementSystemApplication - Starting TransportManagementSystemApplication using Java 17.0.7 with PID 15444 (C:\Users\Hp\Desktop\WorkSpace\Micro-services\TransportManagementSystem\target\classes started by Hp in C:\Users\Hp\Desktop\WorkSpace\Micro-services\TransportManagementSystem)
2024-08-05 11:30:05.030 [restartedMain] INFO  com.tms.mono.TransportManagementSystemApplication - No active profile set, falling back to 1 default profile: "default"
2024-08-05 11:30:06.596 [restartedMain] INFO  com.tms.mono.TransportManagementSystemApplication - Started TransportManagementSystemApplication in 1.607 seconds (process running for 172.571)
2024-08-05 11:30:13.871 [http-nio-8081-exec-3] INFO  com.tms.mono.controller.CreationControllerV1 - In <CreationControllerV1>
2024-08-05 11:30:13.872 [http-nio-8081-exec-3] INFO  com.tms.mono.service.impl.CreateServiceImpl - Adding new Vehical to the database : Vehical(id=null, maker=Force Motors, model=Urbania, number=DL5CZ5678, totalCapacity=1500.0, remainingCapacity=1000.0, owner=VehicalOwner(id=null, name=Logistics Express, mobile=[8765432109], vehicals=null), drivers=null, route=null, assighnment=null)
2024-08-05 11:31:08.967 [restartedMain] INFO  com.tms.mono.TransportManagementSystemApplication - Starting TransportManagementSystemApplication using Java 17.0.7 with PID 5640 (C:\Users\Hp\Desktop\WorkSpace\Micro-services\TransportManagementSystem\target\classes started by Hp in C:\Users\Hp\Desktop\WorkSpace\Micro-services\TransportManagementSystem)
2024-08-05 11:31:08.979 [restartedMain] INFO  com.tms.mono.TransportManagementSystemApplication - No active profile set, falling back to 1 default profile: "default"
2024-08-05 11:31:16.202 [restartedMain] INFO  com.tms.mono.TransportManagementSystemApplication - Started TransportManagementSystemApplication in 7.677 seconds (process running for 9.439)
2024-08-05 11:31:44.176 [http-nio-8081-exec-1] INFO  com.tms.mono.controller.CreationControllerV1 - In <CreationControllerV1>
2024-08-05 11:31:46.768 [http-nio-8081-exec-1] INFO  com.tms.mono.service.impl.CreateServiceImpl - Adding new Vehical to the database : Vehical(id=null, maker=Force Motors, model=Urbania, number=DL5CZ5678, totalCapacity=1500.0, remainingCapacity=1000.0, owner=VehicalOwner(id=null, name=Logistics Express, mobile=[8765432109], vehicals=null), drivers=null, route=null, assighnment=null)
2024-08-05 11:37:09.093 [restartedMain] INFO  com.tms.mono.TransportManagementSystemApplication - Starting TransportManagementSystemApplication using Java 17.0.7 with PID 12580 (C:\Users\Hp\Desktop\WorkSpace\Micro-services\TransportManagementSystem\target\classes started by Hp in C:\Users\Hp\Desktop\WorkSpace\Micro-services\TransportManagementSystem)
2024-08-05 11:37:09.104 [restartedMain] INFO  com.tms.mono.TransportManagementSystemApplication - No active profile set, falling back to 1 default profile: "default"
2024-08-05 11:37:15.391 [restartedMain] INFO  com.tms.mono.TransportManagementSystemApplication - Started TransportManagementSystemApplication in 6.707 seconds (process running for 8.026)
2024-08-05 11:37:28.961 [http-nio-8081-exec-1] INFO  com.tms.mono.controller.CreationControllerV1 - In <CreationControllerV1>
2024-08-05 11:37:28.968 [http-nio-8081-exec-1] INFO  com.tms.mono.service.impl.CreateServiceImpl - Adding new Vehical to the database : Vehical(id=null, maker=Force Motors, model=Urbania, number=DL5CZ5678, totalCapacity=1500.0, remainingCapacity=1000.0, owner=VehicalOwner(id=null, name=Logistics Express, mobile=[8765432109], vehicals=null), drivers=null, route=null, assighnment=null)
2024-08-05 11:37:29.051 [http-nio-8081-exec-1] INFO  com.tms.mono.controller.CreationControllerV1 - INTERNAL_SERVER_ERROR : [Ljava.lang.StackTraceElement;@71cda24c
2024-08-05 11:37:45.797 [restartedMain] INFO  com.tms.mono.TransportManagementSystemApplication - Starting TransportManagementSystemApplication using Java 17.0.7 with PID 12580 (C:\Users\Hp\Desktop\WorkSpace\Micro-services\TransportManagementSystem\target\classes started by Hp in C:\Users\Hp\Desktop\WorkSpace\Micro-services\TransportManagementSystem)
2024-08-05 11:37:45.798 [restartedMain] INFO  com.tms.mono.TransportManagementSystemApplication - No active profile set, falling back to 1 default profile: "default"
2024-08-05 11:37:47.433 [restartedMain] INFO  com.tms.mono.TransportManagementSystemApplication - Started TransportManagementSystemApplication in 1.68 seconds (process running for 40.068)
2024-08-05 11:38:01.779 [http-nio-8081-exec-2] INFO  com.tms.mono.controller.CreationControllerV1 - In <CreationControllerV1>
2024-08-05 11:38:01.781 [http-nio-8081-exec-2] INFO  com.tms.mono.service.impl.CreateServiceImpl - Adding new Vehical to the database : Vehical(id=null, maker=Force Motors, model=Urbania, number=DL5CZ5678, totalCapacity=1500.0, remainingCapacity=1000.0, owner=VehicalOwner(id=null, name=Logistics Express, mobile=[8765432109], vehicals=null), drivers=null, route=null, assighnment=null)
2024-08-05 11:38:01.789 [http-nio-8081-exec-2] INFO  com.tms.mono.controller.CreationControllerV1 - INTERNAL_SERVER_ERROR : [Ljava.lang.StackTraceElement;@795957ee
2024-08-05 11:39:01.146 [restartedMain] INFO  com.tms.mono.TransportManagementSystemApplication - Starting TransportManagementSystemApplication using Java 17.0.7 with PID 12580 (C:\Users\Hp\Desktop\WorkSpace\Micro-services\TransportManagementSystem\target\classes started by Hp in C:\Users\Hp\Desktop\WorkSpace\Micro-services\TransportManagementSystem)
2024-08-05 11:39:01.147 [restartedMain] INFO  com.tms.mono.TransportManagementSystemApplication - No active profile set, falling back to 1 default profile: "default"
2024-08-05 11:39:02.703 [restartedMain] INFO  com.tms.mono.TransportManagementSystemApplication - Started TransportManagementSystemApplication in 1.599 seconds (process running for 115.339)
2024-08-05 11:39:11.093 [http-nio-8081-exec-2] INFO  com.tms.mono.controller.CreationControllerV1 - In <CreationControllerV1>
2024-08-05 11:39:11.095 [http-nio-8081-exec-2] INFO  com.tms.mono.service.impl.CreateServiceImpl - Adding new Vehical to the database : Vehical(id=null, maker=Force Motors, model=Urbania, number=DL5CZ5678, totalCapacity=1500.0, remainingCapacity=1000.0, owner=VehicalOwner(id=null, name=Logistics Express, mobile=[8765432109], vehicals=null), drivers=null, route=null, assighnment=null)
2024-08-05 11:39:11.102 [http-nio-8081-exec-2] INFO  com.tms.mono.controller.CreationControllerV1 - INTERNAL_SERVER_ERROR : java.lang.IllegalStateException: org.hibernate.TransientPropertyValueException: object references an unsaved transient instance - save the transient instance before flushing : com.tms.mono.model.Vehical.owner -> com.tms.mono.model.VehicalOwner
2024-08-05 11:42:55.965 [restartedMain] INFO  com.tms.mono.TransportManagementSystemApplication - Starting TransportManagementSystemApplication using Java 17.0.7 with PID 12580 (C:\Users\Hp\Desktop\WorkSpace\Micro-services\TransportManagementSystem\target\classes started by Hp in C:\Users\Hp\Desktop\WorkSpace\Micro-services\TransportManagementSystem)
2024-08-05 11:42:55.965 [restartedMain] INFO  com.tms.mono.TransportManagementSystemApplication - No active profile set, falling back to 1 default profile: "default"
2024-08-05 11:42:57.461 [restartedMain] INFO  com.tms.mono.TransportManagementSystemApplication - Started TransportManagementSystemApplication in 1.535 seconds (process running for 350.096)
2024-08-05 11:43:17.585 [http-nio-8081-exec-1] INFO  com.tms.mono.controller.CreationControllerV1 - In <CreationControllerV1>
2024-08-05 11:43:17.586 [http-nio-8081-exec-1] INFO  com.tms.mono.service.impl.CreateServiceImpl - Adding new Vehical Owner to the database : VehicalOwner(id=null, name=Logistics Express, mobile=[8765432109], vehicals=null)
2024-08-05 11:43:17.621 [http-nio-8081-exec-1] INFO  com.tms.mono.service.impl.CreateServiceImpl - Vehical Owner Added
2024-08-05 11:43:17.622 [http-nio-8081-exec-1] INFO  com.tms.mono.service.impl.CreateServiceImpl - Adding new Vehical to the database : Vehical(id=null, maker=Force Motors, model=Urbania, number=DL5CZ5678, totalCapacity=1500.0, remainingCapacity=1000.0, owner=VehicalOwner(id=152, name=Logistics Express, mobile=[8765432109], vehicals=null), drivers=null, route=null, assighnment=null)
2024-08-05 11:43:17.629 [http-nio-8081-exec-1] INFO  com.tms.mono.service.impl.CreateServiceImpl - Vehical Added : Vehical(id=17, maker=Force Motors, model=Urbania, number=DL5CZ5678, totalCapacity=1500.0, remainingCapacity=1000.0, owner=VehicalOwner(id=152, name=Logistics Express, mobile=[8765432109], vehicals=null), drivers=null, route=null, assighnment=null)
